This is pdfTeX, Version 3.141592653-2.6-1.40.22 (TeX Live 2022/dev/Debian) (preloaded format=pdflatex 2025.9.8)  29 SEP 2025 14:59
entering extended mode
 restricted \write18 enabled.
 %&-line parsing enabled.
**tesis.tex
(./tesis.tex
LaTeX2e <2021-11-15> patch level 1
L3 programming layer <2022-01-21>
(/usr/share/texlive/texmf-dist/tex/latex/base/report.cls
Document Class: report 2021/10/04 v1.4n Standard LaTeX document class
(/usr/share/texlive/texmf-dist/tex/latex/base/size12.clo
File: size12.clo 2021/10/04 v1.4n Standard LaTeX file (size option)
)
\c@part=\count185
\c@chapter=\count186
\c@section=\count187
\c@subsection=\count188
\c@subsubsection=\count189
\c@paragraph=\count190
\c@subparagraph=\count191
\c@figure=\count192
\c@table=\count193
\abovecaptionskip=\skip47
\belowcaptionskip=\skip48
\bibindent=\dimen138
)
(/usr/share/texlive/texmf-dist/tex/latex/base/inputenc.sty
Package: inputenc 2021/02/14 v1.3d Input encoding file
\inpenc@prehook=\toks16
\inpenc@posthook=\toks17
)
(/usr/share/texlive/texmf-dist/tex/latex/hyperref/hyperref.sty
Package: hyperref 2021-06-07 v7.00m Hypertext links for LaTeX

(/usr/share/texlive/texmf-dist/tex/generic/ltxcmds/ltxcmds.sty
Package: ltxcmds 2020-05-10 v1.25 LaTeX kernel commands for general use (HO)
)
(/usr/share/texlive/texmf-dist/tex/generic/iftex/iftex.sty
Package: iftex 2020/03/06 v1.0d TeX engine tests
)
(/usr/share/texlive/texmf-dist/tex/generic/pdftexcmds/pdftexcmds.sty
Package: pdftexcmds 2020-06-27 v0.33 Utility functions of pdfTeX for LuaTeX (HO
)

(/usr/share/texlive/texmf-dist/tex/generic/infwarerr/infwarerr.sty
Package: infwarerr 2019/12/03 v1.5 Providing info/warning/error messages (HO)
)
Package pdftexcmds Info: \pdf@primitive is available.
Package pdftexcmds Info: \pdf@ifprimitive is available.
Package pdftexcmds Info: \pdfdraftmode found.
)
(/usr/share/texlive/texmf-dist/tex/latex/graphics/keyval.sty
Package: keyval 2014/10/28 v1.15 key=value parser (DPC)
\KV@toks@=\toks18
)
(/usr/share/texlive/texmf-dist/tex/generic/kvsetkeys/kvsetkeys.sty
Package: kvsetkeys 2019/12/15 v1.18 Key value parser (HO)
)
(/usr/share/texlive/texmf-dist/tex/generic/kvdefinekeys/kvdefinekeys.sty
Package: kvdefinekeys 2019-12-19 v1.6 Define keys (HO)
)
(/usr/share/texlive/texmf-dist/tex/generic/pdfescape/pdfescape.sty
Package: pdfescape 2019/12/09 v1.15 Implements pdfTeX's escape features (HO)
)
(/usr/share/texlive/texmf-dist/tex/latex/hycolor/hycolor.sty
Package: hycolor 2020-01-27 v1.10 Color options for hyperref/bookmark (HO)
)
(/usr/share/texlive/texmf-dist/tex/latex/letltxmacro/letltxmacro.sty
Package: letltxmacro 2019/12/03 v1.6 Let assignment for LaTeX macros (HO)
)
(/usr/share/texlive/texmf-dist/tex/latex/auxhook/auxhook.sty
Package: auxhook 2019-12-17 v1.6 Hooks for auxiliary files (HO)
)
(/usr/share/texlive/texmf-dist/tex/latex/kvoptions/kvoptions.sty
Package: kvoptions 2020-10-07 v3.14 Key value format for package options (HO)
)
\@linkdim=\dimen139
\Hy@linkcounter=\count194
\Hy@pagecounter=\count195

(/usr/share/texlive/texmf-dist/tex/latex/hyperref/pd1enc.def
File: pd1enc.def 2021-06-07 v7.00m Hyperref: PDFDocEncoding definition (HO)
Now handling font encoding PD1 ...
... no UTF-8 mapping file for font encoding PD1
)
(/usr/share/texlive/texmf-dist/tex/latex/hyperref/hyperref-langpatches.def
File: hyperref-langpatches.def 2021-06-07 v7.00m Hyperref: patches for babel la
nguages
)
(/usr/share/texlive/texmf-dist/tex/generic/intcalc/intcalc.sty
Package: intcalc 2019/12/15 v1.3 Expandable calculations with integers (HO)
)
(/usr/share/texlive/texmf-dist/tex/generic/etexcmds/etexcmds.sty
Package: etexcmds 2019/12/15 v1.7 Avoid name clashes with e-TeX commands (HO)
)
\Hy@SavedSpaceFactor=\count196

(/usr/share/texlive/texmf-dist/tex/latex/hyperref/puenc.def
File: puenc.def 2021-06-07 v7.00m Hyperref: PDF Unicode definition (HO)
Now handling font encoding PU ...
... no UTF-8 mapping file for font encoding PU
)
Package hyperref Info: Hyper figures OFF on input line 4192.
Package hyperref Info: Link nesting OFF on input line 4197.
Package hyperref Info: Hyper index ON on input line 4200.
Package hyperref Info: Plain pages OFF on input line 4207.
Package hyperref Info: Backreferencing OFF on input line 4212.
Package hyperref Info: Implicit mode ON; LaTeX internals redefined.
Package hyperref Info: Bookmarks ON on input line 4445.
\c@Hy@tempcnt=\count197

(/usr/share/texlive/texmf-dist/tex/latex/url/url.sty
\Urlmuskip=\muskip16
Package: url 2013/09/16  ver 3.4  Verb mode for urls, etc.
)
LaTeX Info: Redefining \url on input line 4804.
\XeTeXLinkMargin=\dimen140

(/usr/share/texlive/texmf-dist/tex/generic/bitset/bitset.sty
Package: bitset 2019/12/09 v1.3 Handle bit-vector datatype (HO)

(/usr/share/texlive/texmf-dist/tex/generic/bigintcalc/bigintcalc.sty
Package: bigintcalc 2019/12/15 v1.5 Expandable calculations on big integers (HO
)
))
\Fld@menulength=\count198
\Field@Width=\dimen141
\Fld@charsize=\dimen142
Package hyperref Info: Hyper figures OFF on input line 6076.
Package hyperref Info: Link nesting OFF on input line 6081.
Package hyperref Info: Hyper index ON on input line 6084.
Package hyperref Info: backreferencing OFF on input line 6091.
Package hyperref Info: Link coloring OFF on input line 6096.
Package hyperref Info: Link coloring with OCG OFF on input line 6101.
Package hyperref Info: PDF/A mode OFF on input line 6106.
LaTeX Info: Redefining \ref on input line 6146.
LaTeX Info: Redefining \pageref on input line 6150.

(/usr/share/texlive/texmf-dist/tex/latex/base/atbegshi-ltx.sty
Package: atbegshi-ltx 2021/01/10 v1.0c Emulation of the original atbegshi
package with kernel methods
)
\Hy@abspage=\count199
\c@Item=\count266
\c@Hfootnote=\count267
)
Package hyperref Info: Driver (autodetected): hpdftex.

(/usr/share/texlive/texmf-dist/tex/latex/hyperref/hpdftex.def
File: hpdftex.def 2021-06-07 v7.00m Hyperref driver for pdfTeX

(/usr/share/texlive/texmf-dist/tex/latex/base/atveryend-ltx.sty
Package: atveryend-ltx 2020/08/19 v1.0a Emulation of the original atveryend pac
kage
with kernel methods
)
\Fld@listcount=\count268
\c@bookmark@seq@number=\count269

(/usr/share/texlive/texmf-dist/tex/latex/rerunfilecheck/rerunfilecheck.sty
Package: rerunfilecheck 2019/12/05 v1.9 Rerun checks for auxiliary files (HO)

(/usr/share/texlive/texmf-dist/tex/generic/uniquecounter/uniquecounter.sty
Package: uniquecounter 2019/12/15 v1.4 Provide unlimited unique counter (HO)
)
Package uniquecounter Info: New unique counter `rerunfilecheck' on input line 2
86.
)
\Hy@SectionHShift=\skip49
)
(/usr/share/texlive/texmf-dist/tex/latex/graphics/graphicx.sty
Package: graphicx 2021/09/16 v1.2d Enhanced LaTeX Graphics (DPC,SPQR)

(/usr/share/texlive/texmf-dist/tex/latex/graphics/graphics.sty
Package: graphics 2021/03/04 v1.4d Standard LaTeX Graphics (DPC,SPQR)

(/usr/share/texlive/texmf-dist/tex/latex/graphics/trig.sty
Package: trig 2021/08/11 v1.11 sin cos tan (DPC)
)
(/usr/share/texlive/texmf-dist/tex/latex/graphics-cfg/graphics.cfg
File: graphics.cfg 2016/06/04 v1.11 sample graphics configuration
)
Package graphics Info: Driver file: pdftex.def on input line 107.

(/usr/share/texlive/texmf-dist/tex/latex/graphics-def/pdftex.def
File: pdftex.def 2020/10/05 v1.2a Graphics/color driver for pdftex
))
\Gin@req@height=\dimen143
\Gin@req@width=\dimen144
)
(/usr/share/texlive/texmf-dist/tex/latex/float/float.sty
Package: float 2001/11/08 v1.3d Float enhancements (AL)
\c@float@type=\count270
\float@exts=\toks19
\float@box=\box50
\@float@everytoks=\toks20
\@floatcapt=\box51
)
(/usr/share/texlive/texmf-dist/tex/latex/listings/listings.sty
\lst@mode=\count271
\lst@gtempboxa=\box52
\lst@token=\toks21
\lst@length=\count272
\lst@currlwidth=\dimen145
\lst@column=\count273
\lst@pos=\count274
\lst@lostspace=\dimen146
\lst@width=\dimen147
\lst@newlines=\count275
\lst@lineno=\count276
\lst@maxwidth=\dimen148

(/usr/share/texlive/texmf-dist/tex/latex/listings/lstmisc.sty
File: lstmisc.sty 2020/03/24 1.8d (Carsten Heinz)
\c@lstnumber=\count277
\lst@skipnumbers=\count278
\lst@framebox=\box53
)
(/usr/share/texlive/texmf-dist/tex/latex/listings/listings.cfg
File: listings.cfg 2020/03/24 1.8d listings configuration
))
Package: listings 2020/03/24 1.8d (Carsten Heinz)

(/usr/share/texlive/texmf-dist/tex/latex/xcolor/xcolor.sty
Package: xcolor 2021/10/31 v2.13 LaTeX color extensions (UK)

(/usr/share/texlive/texmf-dist/tex/latex/graphics-cfg/color.cfg
File: color.cfg 2016/01/02 v1.6 sample color configuration
)
Package xcolor Info: Driver file: pdftex.def on input line 227.
Package xcolor Info: Model `cmy' substituted by `cmy0' on input line 1352.
Package xcolor Info: Model `hsb' substituted by `rgb' on input line 1356.
Package xcolor Info: Model `RGB' extended on input line 1368.
Package xcolor Info: Model `HTML' substituted by `rgb' on input line 1370.
Package xcolor Info: Model `Hsb' substituted by `hsb' on input line 1371.
Package xcolor Info: Model `tHsb' substituted by `hsb' on input line 1372.
Package xcolor Info: Model `HSB' substituted by `hsb' on input line 1373.
Package xcolor Info: Model `Gray' substituted by `gray' on input line 1374.
Package xcolor Info: Model `wave' substituted by `hsb' on input line 1375.
)
(/usr/share/texlive/texmf-dist/tex/latex/l3backend/l3backend-pdftex.def
File: l3backend-pdftex.def 2022-01-12 L3 backend support: PDF output (pdfTeX)
\l__color_backend_stack_int=\count279
\l__pdf_internal_box=\box54
)
(./tesis.aux)
\openout1 = `tesis.aux'.

LaTeX Font Info:    Checking defaults for OML/cmm/m/it on input line 43.
LaTeX Font Info:    ... okay on input line 43.
LaTeX Font Info:    Checking defaults for OMS/cmsy/m/n on input line 43.
LaTeX Font Info:    ... okay on input line 43.
LaTeX Font Info:    Checking defaults for OT1/cmr/m/n on input line 43.
LaTeX Font Info:    ... okay on input line 43.
LaTeX Font Info:    Checking defaults for T1/cmr/m/n on input line 43.
LaTeX Font Info:    ... okay on input line 43.
LaTeX Font Info:    Checking defaults for TS1/cmr/m/n on input line 43.
LaTeX Font Info:    ... okay on input line 43.
LaTeX Font Info:    Checking defaults for OMX/cmex/m/n on input line 43.
LaTeX Font Info:    ... okay on input line 43.
LaTeX Font Info:    Checking defaults for U/cmr/m/n on input line 43.
LaTeX Font Info:    ... okay on input line 43.
LaTeX Font Info:    Checking defaults for PD1/pdf/m/n on input line 43.
LaTeX Font Info:    ... okay on input line 43.
LaTeX Font Info:    Checking defaults for PU/pdf/m/n on input line 43.
LaTeX Font Info:    ... okay on input line 43.
Package hyperref Info: Link coloring OFF on input line 43.
 (/usr/share/texlive/texmf-dist/tex/latex/hyperref/nameref.sty
Package: nameref 2021-04-02 v2.47 Cross-referencing by name of section

(/usr/share/texlive/texmf-dist/tex/latex/refcount/refcount.sty
Package: refcount 2019/12/15 v3.6 Data extraction from label references (HO)
)
(/usr/share/texlive/texmf-dist/tex/generic/gettitlestring/gettitlestring.sty
Package: gettitlestring 2019/12/15 v1.6 Cleanup title references (HO)
)
\c@section@level=\count280
)
LaTeX Info: Redefining \ref on input line 43.
LaTeX Info: Redefining \pageref on input line 43.
LaTeX Info: Redefining \nameref on input line 43.

(./tesis.out) (./tesis.out)
\@outlinefile=\write3
\openout3 = `tesis.out'.


(/usr/share/texlive/texmf-dist/tex/context/base/mkii/supp-pdf.mkii
[Loading MPS to PDF converter (version 2006.09.02).]
\scratchcounter=\count281
\scratchdimen=\dimen149
\scratchbox=\box55
\nofMPsegments=\count282
\nofMParguments=\count283
\everyMPshowfont=\toks22
\MPscratchCnt=\count284
\MPscratchDim=\dimen150
\MPnumerator=\count285
\makeMPintoPDFobject=\count286
\everyMPtoPDFconversion=\toks23
) (/usr/share/texlive/texmf-dist/tex/latex/epstopdf-pkg/epstopdf-base.sty
Package: epstopdf-base 2020-01-24 v2.11 Base part for package epstopdf
Package epstopdf-base Info: Redefining graphics rule for `.eps' on input line 4
85.

(/usr/share/texlive/texmf-dist/tex/latex/latexconfig/epstopdf-sys.cfg
File: epstopdf-sys.cfg 2010/07/13 v1.3 Configuration of (r)epstopdf for TeX Liv
e
))
\c@lstlisting=\count287
LaTeX Font Info:    External font `cmex10' loaded for size
(Font)              <14.4> on input line 48.
LaTeX Font Info:    External font `cmex10' loaded for size
(Font)              <7> on input line 48.

[1

{/var/lib/texmf/fonts/map/pdftex/updmap/pdftex.map}]
Underfull \hbox (badness 10000) in paragraph at lines 50--55

 []


Overfull \hbox (1.4626pt too wide) in paragraph at lines 59--69
\OT1/cmr/m/n/12 Adem^^Sas de este ben-efi-cio econ^^Somico, percib^^S^^P que la
 re-al-izaci^^Son de esta pr^^Sactica
 []

pdfTeX warning (ext4): destination with the same identifier (name{page.1}) has 
been already used, duplicate ignored
<to be read again> 
                   \relax 
l.69 	
       [1]
Underfull \hbox (badness 10000) in paragraph at lines 72--76

 []

[2] [3]
Underfull \hbox (badness 10000) in paragraph at lines 138--143

 []


Underfull \hbox (badness 10000) in paragraph at lines 138--143

 []

<./PlantillaMealPlanningRellenada.png, id=48, 908.39375pt x 571.13374pt>
File: ./PlantillaMealPlanningRellenada.png Graphic file (type png)
<use ./PlantillaMealPlanningRellenada.png>
Package pdftex.def Info: ./PlantillaMealPlanningRellenada.png  used on input li
ne 154.
(pdftex.def)             Requested size: 390.0pt x 245.208pt.
[4]
File: ./PlantillaMealPlanningRellenada.png Graphic file (type png)
<use ./PlantillaMealPlanningRellenada.png>
Package pdftex.def Info: ./PlantillaMealPlanningRellenada.png  used on input li
ne 161.
(pdftex.def)             Requested size: 390.0pt x 245.208pt.
 [5pdfTeX warning (ext4): destination with the same identifier (name{figure.0.1
}) has been already used, duplicate ignored
<argument> ...shipout:D \box_use:N \l_shipout_box 
                                                  \__shipout_drop_firstpage_...
l.165 		
         <./PlantillaMealPlanningRellenada.png>]
LaTeX Font Info:    External font `cmex10' loaded for size
(Font)              <12> on input line 172.
LaTeX Font Info:    External font `cmex10' loaded for size
(Font)              <8> on input line 172.
LaTeX Font Info:    External font `cmex10' loaded for size
(Font)              <6> on input line 172.

Underfull \hbox (badness 10000) in paragraph at lines 174--174
[]\OT1/cmr/bx/n/12 Cantidad
 []


Underfull \hbox (badness 3118) in paragraph at lines 174--174
\OT1/cmr/bx/n/12 (para 2 per-
 []


Underfull \hbox (badness 10000) in paragraph at lines 178--178
[]\OT1/cmr/m/n/12 Pollo 300 g;
 []


Underfull \hbox (badness 10000) in paragraph at lines 178--178
\OT1/cmr/m/n/12 Ar-roz 120 g;
 []


Underfull \hbox (badness 1142) in paragraph at lines 178--178
\OT1/cmr/m/n/12 Lechuga 100 g;
 []


Underfull \hbox (badness 2818) in paragraph at lines 178--178
\OT1/cmr/m/n/12 To-mate 100 g;
 []


Underfull \hbox (badness 4084) in paragraph at lines 181--182
[]\OT1/cmr/m/n/12 Pollo, patatas, zana-ho-ria, ce-bolla,
 []


Underfull \hbox (badness 10000) in paragraph at lines 182--182
[]\OT1/cmr/m/n/12 Pollo 500 g;
 []


Underfull \hbox (badness 2653) in paragraph at lines 182--182
\OT1/cmr/m/n/12 Patatas 400 g;
 []


Underfull \hbox (badness 2818) in paragraph at lines 182--182
\OT1/cmr/m/n/12 Ce-bolla 100 g;
 []


Overfull \hbox (30.11218pt too wide) in paragraph at lines 172--185
 [][] 
 []

[6pdfTeX warning (ext4): destination with the same identifier (name{figure.0.2}
) has been already used, duplicate ignored
<argument> ...shipout:D \box_use:N \l_shipout_box 
                                                  \__shipout_drop_firstpage_...
l.206 		
        pdfTeX warning (ext4): destination with the same identifier (name{table
.0.1}) has been already used, duplicate ignored
<argument> ...shipout:D \box_use:N \l_shipout_box 
                                                  \__shipout_drop_firstpage_...
l.206 		
        ]
Underfull \hbox (badness 10000) in paragraph at lines 239--239
[]\OT1/cmr/bx/n/12 Cantidad a
 []

[7pdfTeX warning (ext4): destination with the same identifier (name{table.0.2})
 has been already used, duplicate ignored
<argument> ...shipout:D \box_use:N \l_shipout_box 
                                                  \__shipout_drop_firstpage_...
l.251 		
        pdfTeX warning (ext4): destination with the same identifier (name{table
.0.3}) has been already used, duplicate ignored
<argument> ...shipout:D \box_use:N \l_shipout_box 
                                                  \__shipout_drop_firstpage_...
l.251 		
        ]
Underfull \hbox (badness 10000) in paragraph at lines 258--274

 []


Underfull \hbox (badness 10000) in paragraph at lines 258--274

 []

[8pdfTeX warning (ext4): destination with the same identifier (name{table.0.4})
 has been already used, duplicate ignored
<argument> ...shipout:D \box_use:N \l_shipout_box 
                                                  \__shipout_drop_firstpage_...
l.274 	
       ] [9]
Underfull \hbox (badness 10000) in paragraph at lines 277--278

 []


Underfull \hbox (badness 1688) in paragraph at lines 285--285
[]\OT1/cmr/bx/n/12 Funcionalidades prin-ci-
 []


Underfull \hbox (badness 1292) in paragraph at lines 291--292
[]\OT1/cmr/m/n/12 - Per-son-al-izaci^^Son lim-i-tada
 []


Underfull \hbox (badness 2894) in paragraph at lines 291--292
\OT1/cmr/m/n/12 - Al-gu-nas fun-ciones solo
 []


Underfull \hbox (badness 1484) in paragraph at lines 291--292
\OT1/cmr/m/n/12 disponibles en versi^^Son de
 []


Underfull \hbox (badness 4779) in paragraph at lines 295--297
[]\OT1/cmr/m/n/12 - Plan-i-fi-caci^^Son de co-mi-
 []


Underfull \hbox (badness 1629) in paragraph at lines 295--297
\OT1/cmr/m/n/12 das in-tegrada con con-teo
 []


Underfull \hbox (badness 3323) in paragraph at lines 298--299
[]\OT1/cmr/m/n/12 - In-ter-faz com-pleja para
 []


Underfull \hbox (badness 10000) in paragraph at lines 298--299
\OT1/cmr/m/n/12 - Fun-cional-i-dades avan-
 []


Underfull \hbox (badness 10000) in paragraph at lines 298--299
\OT1/cmr/m/n/12 zadas blo-queadas en
 []


Underfull \hbox (badness 4779) in paragraph at lines 302--303
[]\OT1/cmr/m/n/12 - Plan-i-fi-caci^^Son de co-mi-
 []


Underfull \hbox (badness 10000) in paragraph at lines 307--307
[]\OT1/cmr/bx/n/12 NutriPlan
 []


Underfull \hbox (badness 10000) in paragraph at lines 308--311
\OT1/cmr/m/n/12 son-al-izadas con con-trol
 []


Underfull \hbox (badness 10000) in paragraph at lines 308--311
\OT1/cmr/m/n/12 - Plan-i-fi-caci^^Son se-m-anal
 []


Underfull \hbox (badness 6236) in paragraph at lines 308--311
\OT1/cmr/m/n/12 - Gen-eraci^^Son au-tom^^Satica
 []


Underfull \hbox (badness 1281) in paragraph at lines 312--313
\OT1/cmr/m/n/12 - Re-quiere uso ini-cial de
 []


Overfull \hbox (15.88582pt too wide) in paragraph at lines 283--316
 [][] 
 []

[10]
Underfull \hbox (badness 10000) in paragraph at lines 320--322

 []

[11pdfTeX warning (ext4): destination with the same identifier (name{table.0.5}
) has been already used, duplicate ignored
<argument> ...shipout:D \box_use:N \l_shipout_box 
                                                  \__shipout_drop_firstpage_...
l.322 	
       ]
Underfull \hbox (badness 10000) in paragraph at lines 334--347

 []

[12] [13]
LaTeX Font Info:    Font shape `OT1/cmtt/bx/n' in size <10.95> not available
(Font)              Font shape `OT1/cmtt/m/n' tried instead on input line 369.
 [14]
Underfull \hbox (badness 10000) in paragraph at lines 419--421

 []

[15]
Underfull \hbox (badness 10000) in paragraph at lines 438--440

 []


Underfull \hbox (badness 10000) in paragraph at lines 461--463

 []

[16] [17] [18] (./tesis.bbl [19]
Underfull \hbox (badness 1708) in paragraph at lines 13--18
[]\OT1/cmr/m/n/12 Business Re-search In-sights.  Meal plan-ning app mar-ket re-
port.
 []


Underfull \hbox (badness 10000) in paragraph at lines 13--18
[]$\OT1/cmtt/m/n/12 https : / / www . businessresearchinsights . com / es / mar
ket-[]reports /
 []


Underfull \hbox (badness 5417) in paragraph at lines 61--66
[]\OT1/cmr/m/n/12 Johns Hop-kins Bloomberg School of Pub-lic Health.  Study
 []


Underfull \hbox (badness 10000) in paragraph at lines 61--66
\OT1/cmr/m/n/12 sug-gests home cook-ing is main in-gre-di-ent in health-ier
 []


Underfull \hbox (badness 10000) in paragraph at lines 61--66
\OT1/cmr/m/n/12 diet.  []$\OT1/cmtt/m/n/12 https : / / clf . jhsph . edu / abou
t-[]us / news / news-[]2014 /
 []


Underfull \hbox (badness 10000) in paragraph at lines 61--66
\OT1/cmtt/m/n/12 study-[]suggests-[]home-[]cooking-[]main-[]ingredient-[]health
ier-[]diet$[]\OT1/cmr/m/n/12 ,
 []

[20

]
Underfull \hbox (badness 1072) in paragraph at lines 79--84
[]\OT1/cmr/m/n/12 McKinsey & Com-pany.  The state of con-sumer health and nu-
 []


Underfull \hbox (badness 3547) in paragraph at lines 79--84
\OT1/cmr/m/n/12 tri-tion 2023.  []$\OT1/cmtt/m/n/12 https : / / www . businessr
esearchinsights . com / es /
 []


Underfull \hbox (badness 1902) in paragraph at lines 86--89
[]\OT1/cmr/m/n/12 Meta Open Source.  Ar-qui-tec-tura de re-act na-tive.  []$\OT
1/cmtt/m/n/12 https : / /
 []


Underfull \hbox (badness 1616) in paragraph at lines 91--94
[]\OT1/cmr/m/n/12 Meta Open Source.  Co-mu-nidades de re-act na-tive.  []$\OT1/
cmtt/m/n/12 https : / /
 []

) [21]
Chapter 1.
[22

] (./tesis.aux)
Package rerunfilecheck Info: File `tesis.out' has not changed.
(rerunfilecheck)             Checksum: 8EF23EB16D8AB674A97FB9C6EEC94C95;114.
 ) 
Here is how much of TeX's memory you used:
 10641 strings out of 480247
 161768 string characters out of 5896152
 564025 words of memory out of 5000000
 28316 multiletter control sequences out of 15000+600000
 476354 words of font info for 52 fonts, out of 8000000 for 9000
 14 hyphenation exceptions out of 8191
 60i,11n,63p,1238b,1919s stack positions out of 5000i,500n,10000p,200000b,80000s
 </home/rouk/.texlive2021/texmf-var/fonts/pk/ljfour/jknappen/ec/tcrm1200.600p
k></usr/share/texlive/texmf-dist/fonts/type1/public/amsfonts/cm/cmbx12.pfb></us
r/share/texlive/texmf-dist/fonts/type1/public/amsfonts/cm/cmr12.pfb></usr/share
/texlive/texmf-dist/fonts/type1/public/amsfonts/cm/cmr17.pfb></usr/share/texliv
e/texmf-dist/fonts/type1/public/amsfonts/cm/cmti12.pfb></usr/share/texlive/texm
f-dist/fonts/type1/public/amsfonts/cm/cmtt10.pfb></usr/share/texlive/texmf-dist
/fonts/type1/public/amsfonts/cm/cmtt12.pfb>
Output written on tesis.pdf (23 pages, 213550 bytes).
PDF statistics:
 376 PDF objects out of 1000 (max. 8388607)
 332 compressed objects within 4 object streams
 164 named destinations out of 1000 (max. 500000)
 14 words of extra memory for PDF output out of 10000 (max. 10000000)

