This is pdfTeX, Version 3.141592653-2.6-1.40.22 (TeX Live 2022/dev/Debian) (preloaded format=pdflatex 2025.10.22)  3 NOV 2025 13:55
entering extended mode
 restricted \write18 enabled.
 %&-line parsing enabled.
**proyecto.tex
(./proyecto.tex
LaTeX2e <2021-11-15> patch level 1
L3 programming layer <2022-01-21>
(/usr/share/texlive/texmf-dist/tex/latex/base/report.cls
Document Class: report 2021/10/04 v1.4n Standard LaTeX document class
(/usr/share/texlive/texmf-dist/tex/latex/base/size11.clo
File: size11.clo 2021/10/04 v1.4n Standard LaTeX file (size option)
)
\c@part=\count185
\c@chapter=\count186
\c@section=\count187
\c@subsection=\count188
\c@subsubsection=\count189
\c@paragraph=\count190
\c@subparagraph=\count191
\c@figure=\count192
\c@table=\count193
\abovecaptionskip=\skip47
\belowcaptionskip=\skip48
\bibindent=\dimen138
)
(/usr/share/texlive/texmf-dist/tex/generic/babel/babel.sty
Package: babel 2022/01/26 3.70 The Babel package
\babel@savecnt=\count194
\U@D=\dimen139
\l@unhyphenated=\language6

(/usr/share/texlive/texmf-dist/tex/generic/babel/txtbabel.def)
\bbl@readstream=\read2
\bbl@dirlevel=\count195

(/usr/share/texlive/texmf-dist/tex/generic/babel-spanish/spanish.ldf
Language: spanish.ldf 2021/05/27 v5.0q Spanish support from the babel system
\es@quottoks=\toks16
\es@quotdepth=\count196
Package babel Info: Making " an active character on input line 570.
Package babel Info: Making . an active character on input line 675.
Package babel Info: Making < an active character on input line 722.
Package babel Info: Making > an active character on input line 722.
))
(/usr/share/texlive/texmf-dist/tex/latex/base/inputenc.sty
Package: inputenc 2021/02/14 v1.3d Input encoding file
\inpenc@prehook=\toks17
\inpenc@posthook=\toks18
)
(/usr/share/texlive/texmf-dist/tex/latex/graphics/graphicx.sty
Package: graphicx 2021/09/16 v1.2d Enhanced LaTeX Graphics (DPC,SPQR)

(/usr/share/texlive/texmf-dist/tex/latex/graphics/keyval.sty
Package: keyval 2014/10/28 v1.15 key=value parser (DPC)
\KV@toks@=\toks19
)
(/usr/share/texlive/texmf-dist/tex/latex/graphics/graphics.sty
Package: graphics 2021/03/04 v1.4d Standard LaTeX Graphics (DPC,SPQR)

(/usr/share/texlive/texmf-dist/tex/latex/graphics/trig.sty
Package: trig 2021/08/11 v1.11 sin cos tan (DPC)
)
(/usr/share/texlive/texmf-dist/tex/latex/graphics-cfg/graphics.cfg
File: graphics.cfg 2016/06/04 v1.11 sample graphics configuration
)
Package graphics Info: Driver file: pdftex.def on input line 107.

(/usr/share/texlive/texmf-dist/tex/latex/graphics-def/pdftex.def
File: pdftex.def 2020/10/05 v1.2a Graphics/color driver for pdftex
))
\Gin@req@height=\dimen140
\Gin@req@width=\dimen141
)
(/usr/share/texlive/texmf-dist/tex/latex/float/float.sty
Package: float 2001/11/08 v1.3d Float enhancements (AL)
\c@float@type=\count197
\float@exts=\toks20
\float@box=\box50
\@float@everytoks=\toks21
\@floatcapt=\box51
)
(/usr/share/texlive/texmf-dist/tex/latex/listings/listings.sty
\lst@mode=\count198
\lst@gtempboxa=\box52
\lst@token=\toks22
\lst@length=\count199
\lst@currlwidth=\dimen142
\lst@column=\count266
\lst@pos=\count267
\lst@lostspace=\dimen143
\lst@width=\dimen144
\lst@newlines=\count268
\lst@lineno=\count269
\lst@maxwidth=\dimen145

(/usr/share/texlive/texmf-dist/tex/latex/listings/lstmisc.sty
File: lstmisc.sty 2020/03/24 1.8d (Carsten Heinz)
\c@lstnumber=\count270
\lst@skipnumbers=\count271
\lst@framebox=\box53
)
(/usr/share/texlive/texmf-dist/tex/latex/listings/listings.cfg
File: listings.cfg 2020/03/24 1.8d listings configuration
))
Package: listings 2020/03/24 1.8d (Carsten Heinz)

(/usr/share/texlive/texmf-dist/tex/latex/xcolor/xcolor.sty
Package: xcolor 2021/10/31 v2.13 LaTeX color extensions (UK)

(/usr/share/texlive/texmf-dist/tex/latex/graphics-cfg/color.cfg
File: color.cfg 2016/01/02 v1.6 sample color configuration
)
Package xcolor Info: Driver file: pdftex.def on input line 227.
Package xcolor Info: Model `cmy' substituted by `cmy0' on input line 1352.
Package xcolor Info: Model `hsb' substituted by `rgb' on input line 1356.
Package xcolor Info: Model `RGB' extended on input line 1368.
Package xcolor Info: Model `HTML' substituted by `rgb' on input line 1370.
Package xcolor Info: Model `Hsb' substituted by `hsb' on input line 1371.
Package xcolor Info: Model `tHsb' substituted by `hsb' on input line 1372.
Package xcolor Info: Model `HSB' substituted by `hsb' on input line 1373.
Package xcolor Info: Model `Gray' substituted by `gray' on input line 1374.
Package xcolor Info: Model `wave' substituted by `hsb' on input line 1375.
)
(/usr/share/texlive/texmf-dist/tex/latex/hyperref/hyperref.sty
Package: hyperref 2021-06-07 v7.00m Hypertext links for LaTeX

(/usr/share/texlive/texmf-dist/tex/generic/ltxcmds/ltxcmds.sty
Package: ltxcmds 2020-05-10 v1.25 LaTeX kernel commands for general use (HO)
)
(/usr/share/texlive/texmf-dist/tex/generic/iftex/iftex.sty
Package: iftex 2020/03/06 v1.0d TeX engine tests
)
(/usr/share/texlive/texmf-dist/tex/generic/pdftexcmds/pdftexcmds.sty
Package: pdftexcmds 2020-06-27 v0.33 Utility functions of pdfTeX for LuaTeX (HO
)

(/usr/share/texlive/texmf-dist/tex/generic/infwarerr/infwarerr.sty
Package: infwarerr 2019/12/03 v1.5 Providing info/warning/error messages (HO)
)
Package pdftexcmds Info: \pdf@primitive is available.
Package pdftexcmds Info: \pdf@ifprimitive is available.
Package pdftexcmds Info: \pdfdraftmode found.
)
(/usr/share/texlive/texmf-dist/tex/generic/kvsetkeys/kvsetkeys.sty
Package: kvsetkeys 2019/12/15 v1.18 Key value parser (HO)
)
(/usr/share/texlive/texmf-dist/tex/generic/kvdefinekeys/kvdefinekeys.sty
Package: kvdefinekeys 2019-12-19 v1.6 Define keys (HO)
)
(/usr/share/texlive/texmf-dist/tex/generic/pdfescape/pdfescape.sty
Package: pdfescape 2019/12/09 v1.15 Implements pdfTeX's escape features (HO)
)
(/usr/share/texlive/texmf-dist/tex/latex/hycolor/hycolor.sty
Package: hycolor 2020-01-27 v1.10 Color options for hyperref/bookmark (HO)
)
(/usr/share/texlive/texmf-dist/tex/latex/letltxmacro/letltxmacro.sty
Package: letltxmacro 2019/12/03 v1.6 Let assignment for LaTeX macros (HO)
)
(/usr/share/texlive/texmf-dist/tex/latex/auxhook/auxhook.sty
Package: auxhook 2019-12-17 v1.6 Hooks for auxiliary files (HO)
)
(/usr/share/texlive/texmf-dist/tex/latex/kvoptions/kvoptions.sty
Package: kvoptions 2020-10-07 v3.14 Key value format for package options (HO)
)
\@linkdim=\dimen146
\Hy@linkcounter=\count272
\Hy@pagecounter=\count273

(/usr/share/texlive/texmf-dist/tex/latex/hyperref/pd1enc.def
File: pd1enc.def 2021-06-07 v7.00m Hyperref: PDFDocEncoding definition (HO)
Now handling font encoding PD1 ...
... no UTF-8 mapping file for font encoding PD1
)
(/usr/share/texlive/texmf-dist/tex/latex/hyperref/hyperref-langpatches.def
File: hyperref-langpatches.def 2021-06-07 v7.00m Hyperref: patches for babel la
nguages
)
(/usr/share/texlive/texmf-dist/tex/generic/intcalc/intcalc.sty
Package: intcalc 2019/12/15 v1.3 Expandable calculations with integers (HO)
)
(/usr/share/texlive/texmf-dist/tex/generic/etexcmds/etexcmds.sty
Package: etexcmds 2019/12/15 v1.7 Avoid name clashes with e-TeX commands (HO)
)
\Hy@SavedSpaceFactor=\count274

(/usr/share/texlive/texmf-dist/tex/latex/hyperref/puenc.def
File: puenc.def 2021-06-07 v7.00m Hyperref: PDF Unicode definition (HO)
Now handling font encoding PU ...
... no UTF-8 mapping file for font encoding PU
)
Package hyperref Info: Hyper figures OFF on input line 4192.
Package hyperref Info: Link nesting OFF on input line 4197.
Package hyperref Info: Hyper index ON on input line 4200.
Package hyperref Info: Plain pages OFF on input line 4207.
Package hyperref Info: Backreferencing OFF on input line 4212.
Package hyperref Info: Implicit mode ON; LaTeX internals redefined.
Package hyperref Info: Bookmarks ON on input line 4445.
\c@Hy@tempcnt=\count275

(/usr/share/texlive/texmf-dist/tex/latex/url/url.sty
\Urlmuskip=\muskip16
Package: url 2013/09/16  ver 3.4  Verb mode for urls, etc.
)
LaTeX Info: Redefining \url on input line 4804.
\XeTeXLinkMargin=\dimen147

(/usr/share/texlive/texmf-dist/tex/generic/bitset/bitset.sty
Package: bitset 2019/12/09 v1.3 Handle bit-vector datatype (HO)

(/usr/share/texlive/texmf-dist/tex/generic/bigintcalc/bigintcalc.sty
Package: bigintcalc 2019/12/15 v1.5 Expandable calculations on big integers (HO
)
))
\Fld@menulength=\count276
\Field@Width=\dimen148
\Fld@charsize=\dimen149
Package hyperref Info: Hyper figures OFF on input line 6076.
Package hyperref Info: Link nesting OFF on input line 6081.
Package hyperref Info: Hyper index ON on input line 6084.
Package hyperref Info: backreferencing OFF on input line 6091.
Package hyperref Info: Link coloring OFF on input line 6096.
Package hyperref Info: Link coloring with OCG OFF on input line 6101.
Package hyperref Info: PDF/A mode OFF on input line 6106.
LaTeX Info: Redefining \ref on input line 6146.
LaTeX Info: Redefining \pageref on input line 6150.

(/usr/share/texlive/texmf-dist/tex/latex/base/atbegshi-ltx.sty
Package: atbegshi-ltx 2021/01/10 v1.0c Emulation of the original atbegshi
package with kernel methods
)
\Hy@abspage=\count277
\c@Item=\count278
\c@Hfootnote=\count279
)
Package hyperref Info: Driver (autodetected): hpdftex.

(/usr/share/texlive/texmf-dist/tex/latex/hyperref/hpdftex.def
File: hpdftex.def 2021-06-07 v7.00m Hyperref driver for pdfTeX

(/usr/share/texlive/texmf-dist/tex/latex/base/atveryend-ltx.sty
Package: atveryend-ltx 2020/08/19 v1.0a Emulation of the original atveryend pac
kage
with kernel methods
)
\Fld@listcount=\count280
\c@bookmark@seq@number=\count281

(/usr/share/texlive/texmf-dist/tex/latex/rerunfilecheck/rerunfilecheck.sty
Package: rerunfilecheck 2019/12/05 v1.9 Rerun checks for auxiliary files (HO)

(/usr/share/texlive/texmf-dist/tex/generic/uniquecounter/uniquecounter.sty
Package: uniquecounter 2019/12/15 v1.4 Provide unlimited unique counter (HO)
)
Package uniquecounter Info: New unique counter `rerunfilecheck' on input line 2
86.
)
\Hy@SectionHShift=\skip49
)
(/usr/share/texlive/texmf-dist/tex/latex/geometry/geometry.sty
Package: geometry 2020/01/02 v5.9 Page Geometry

(/usr/share/texlive/texmf-dist/tex/generic/iftex/ifvtex.sty
Package: ifvtex 2019/10/25 v1.7 ifvtex legacy package. Use iftex instead.
)
\Gm@cnth=\count282
\Gm@cntv=\count283
\c@Gm@tempcnt=\count284
\Gm@bindingoffset=\dimen150
\Gm@wd@mp=\dimen151
\Gm@odd@mp=\dimen152
\Gm@even@mp=\dimen153
\Gm@layoutwidth=\dimen154
\Gm@layoutheight=\dimen155
\Gm@layouthoffset=\dimen156
\Gm@layoutvoffset=\dimen157
\Gm@dimlist=\toks23
)
(/usr/share/texlive/texmf-dist/tex/latex/l3backend/l3backend-pdftex.def
File: l3backend-pdftex.def 2022-01-12 L3 backend support: PDF output (pdfTeX)
\l__color_backend_stack_int=\count285
\l__pdf_internal_box=\box54
)
(./proyecto.aux
LaTeX Info: Redefining \. on input line 25.
LaTeX Info: Redefining \% on input line 25.
)
\openout1 = `proyecto.aux'.

LaTeX Font Info:    Checking defaults for OML/cmm/m/it on input line 14.
LaTeX Font Info:    ... okay on input line 14.
LaTeX Font Info:    Checking defaults for OMS/cmsy/m/n on input line 14.
LaTeX Font Info:    ... okay on input line 14.
LaTeX Font Info:    Checking defaults for OT1/cmr/m/n on input line 14.
LaTeX Font Info:    ... okay on input line 14.
LaTeX Font Info:    Checking defaults for T1/cmr/m/n on input line 14.
LaTeX Font Info:    ... okay on input line 14.
LaTeX Font Info:    Checking defaults for TS1/cmr/m/n on input line 14.
LaTeX Font Info:    ... okay on input line 14.
LaTeX Font Info:    Checking defaults for OMX/cmex/m/n on input line 14.
LaTeX Font Info:    ... okay on input line 14.
LaTeX Font Info:    Checking defaults for U/cmr/m/n on input line 14.
LaTeX Font Info:    ... okay on input line 14.
LaTeX Font Info:    Checking defaults for PD1/pdf/m/n on input line 14.
LaTeX Font Info:    ... okay on input line 14.
LaTeX Font Info:    Checking defaults for PU/pdf/m/n on input line 14.
LaTeX Font Info:    ... okay on input line 14.
LaTeX Info: Redefining \. on input line 14.
LaTeX Info: Redefining \% on input line 14.

(/usr/share/texlive/texmf-dist/tex/context/base/mkii/supp-pdf.mkii
[Loading MPS to PDF converter (version 2006.09.02).]
\scratchcounter=\count286
\scratchdimen=\dimen158
\scratchbox=\box55
\nofMPsegments=\count287
\nofMParguments=\count288
\everyMPshowfont=\toks24
\MPscratchCnt=\count289
\MPscratchDim=\dimen159
\MPnumerator=\count290
\makeMPintoPDFobject=\count291
\everyMPtoPDFconversion=\toks25
) (/usr/share/texlive/texmf-dist/tex/latex/epstopdf-pkg/epstopdf-base.sty
Package: epstopdf-base 2020-01-24 v2.11 Base part for package epstopdf
Package epstopdf-base Info: Redefining graphics rule for `.eps' on input line 4
85.

(/usr/share/texlive/texmf-dist/tex/latex/latexconfig/epstopdf-sys.cfg
File: epstopdf-sys.cfg 2010/07/13 v1.3 Configuration of (r)epstopdf for TeX Liv
e
))
\c@lstlisting=\count292
Package hyperref Info: Link coloring OFF on input line 14.

(/usr/share/texlive/texmf-dist/tex/latex/hyperref/nameref.sty
Package: nameref 2021-04-02 v2.47 Cross-referencing by name of section

(/usr/share/texlive/texmf-dist/tex/latex/refcount/refcount.sty
Package: refcount 2019/12/15 v3.6 Data extraction from label references (HO)
)
(/usr/share/texlive/texmf-dist/tex/generic/gettitlestring/gettitlestring.sty
Package: gettitlestring 2019/12/15 v1.6 Cleanup title references (HO)
)
\c@section@level=\count293
)
LaTeX Info: Redefining \ref on input line 14.
LaTeX Info: Redefining \pageref on input line 14.
LaTeX Info: Redefining \nameref on input line 14.

(./proyecto.out) (./proyecto.out)
\@outlinefile=\write3
\openout3 = `proyecto.out'.


*geometry* driver: auto-detecting
*geometry* detected driver: pdftex
*geometry* verbose mode - [ preamble ] result:
* driver: pdftex
* paper: <default>
* layout: <same size as paper>
* layoutoffset:(h,v)=(0.0pt,0.0pt)
* modes: twoside 
* h-part:(L,W,R)=(73.71613pt, 430.00462pt, 110.57425pt)
* v-part:(T,H,B)=(95.39737pt, 556.47656pt, 143.09605pt)
* \paperwidth=614.295pt
* \paperheight=794.96999pt
* \textwidth=430.00462pt
* \textheight=556.47656pt
* \oddsidemargin=1.44614pt
* \evensidemargin=38.30426pt
* \topmargin=-13.87262pt
* \headheight=12.0pt
* \headsep=25.0pt
* \topskip=11.0pt
* \footskip=30.0pt
* \marginparwidth=113.0pt
* \marginparsep=10.0pt
* \columnsep=10.0pt
* \skip\footins=10.0pt plus 4.0pt minus 2.0pt
* \hoffset=0.0pt
* \voffset=0.0pt
* \mag=1000
* \@twocolumnfalse
* \@twosidetrue
* \@mparswitchtrue
* \@reversemarginfalse
* (1in=72.27pt=25.4mm, 1cm=28.453pt)

\centeroffset=\skip50
<imagenes/logo_ugr.pdf, id=204, 671.44951pt x 213.11218pt>
File: imagenes/logo_ugr.pdf Graphic file (type pdf)
<use imagenes/logo_ugr.pdf>
Package pdftex.def Info: imagenes/logo_ugr.pdf  used on input line 27.
(pdftex.def)             Requested size: 387.00153pt x 122.8312pt.
LaTeX Font Info:    External font `cmex10' loaded for size
(Font)              <10.95> on input line 38.
LaTeX Font Info:    External font `cmex10' loaded for size
(Font)              <8> on input line 38.
LaTeX Font Info:    External font `cmex10' loaded for size
(Font)              <6> on input line 38.

Overfull \hbox (18.42906pt too wide) in paragraph at lines 24--39
| $[]$ 
 []

<imagenes/logo-ceuta.jpg, id=205, 250.9375pt x 100.375pt>
File: imagenes/logo-ceuta.jpg Graphic file (type jpg)
<use imagenes/logo-ceuta.jpg>
Package pdftex.def Info: imagenes/logo-ceuta.jpg  used on input line 47.
(pdftex.def)             Requested size: 129.00269pt x 51.6041pt.

Overfull \hbox (18.42906pt too wide) in paragraph at lines 41--52
| $[]$ 
 []

[1

{/var/lib/texmf/fonts/map/pdftex/updmap/pdftex.map} <./imagenes/logo_ugr.pdf> <
./imagenes/logo-ceuta.jpg>] [2

] [3

] [4

] (./proyecto.toc
LaTeX Info: Redefining \. on input line 1.
LaTeX Info: Redefining \% on input line 1.
 [5

])
\tf@toc=\write4
\openout4 = `proyecto.toc'.

 [6]
(./proyecto.lof
LaTeX Info: Redefining \. on input line 1.
LaTeX Info: Redefining \% on input line 1.
)
\tf@lof=\write5
\openout5 = `proyecto.lof'.

 [7


] (./proyecto.lot
LaTeX Info: Redefining \. on input line 1.
LaTeX Info: Redefining \% on input line 1.
)
\tf@lot=\write6
\openout6 = `proyecto.lot'.

 [8


]
Cap\'{\i }tulo 1.

Underfull \vbox (badness 1297) has occurred while \output is active []

 [9

]
Underfull \hbox (badness 10000) in paragraph at lines 131--135

 []

[10]
Overfull \hbox (19.97328pt too wide) in paragraph at lines 179--180
[]\OT1/cmr/bx/n/10.95 Bibliotecas y li-brer^^S^^Pas de la app. \OT1/cmr/m/n/10.
95 En la ca-pa de pre-sen-ta-ci^^Son se em-ple^^So \OT1/cmtt/m/n/10.95 @rneui/t
hemed
 []

[11] [12]
Cap\'{\i }tulo 2.

Underfull \hbox (badness 10000) in paragraph at lines 199--208

 []

<./imagenes/PlantillaTablamealPlanning.png, id=423, 975.645pt x 643.40375pt>
File: ./imagenes/PlantillaTablamealPlanning.png Graphic file (type png)
<use ./imagenes/PlantillaTablamealPlanning.png>
Package pdftex.def Info: ./imagenes/PlantillaTablamealPlanning.png  used on inp
ut line 213.
(pdftex.def)             Requested size: 430.00462pt x 283.56976pt.
[13

]
<./imagenes/PlantillaMealPlanningRellenada.png, id=434, 908.39375pt x 571.13374
pt>
File: ./imagenes/PlantillaMealPlanningRellenada.png Graphic file (type png)
<use ./imagenes/PlantillaMealPlanningRellenada.png>
Package pdftex.def Info: ./imagenes/PlantillaMealPlanningRellenada.png  used on
 input line 220.
(pdftex.def)             Requested size: 430.00462pt x 270.35887pt.

Underfull \vbox (badness 10000) has occurred while \output is active []

 [14 <./imagenes/PlantillaTablaMealPlanning.png>]
Underfull \hbox (badness 1546) in paragraph at lines 233--233
[]\OT1/cmr/m/n/10.95 Pollo a la plan-cha
 []


Underfull \hbox (badness 5667) in paragraph at lines 235--235
\OT1/cmr/m/n/10.95 120 g; Le-chu-ga
 []

[15 <./imagenes/PlantillaMealPlanningRellenada.png>]
Underfull \hbox (badness 10000) in paragraph at lines 292--292
[]\OT1/cmr/bx/n/10.95 Cantidad a
 []


Underfull \vbox (badness 10000) has occurred while \output is active []

 [16]
[17] [18] [19]
Overfull \hbox (5.07283pt too wide) in paragraph at lines 360--361
[]\OT1/cmr/bx/n/10.95 Desarrollo na-ti-vo (Kotli-n/-Ja-va pa-ra An-dro-id, Swif
t/Objective[]C pa-ra iOS).
 []

[20] [21]
LaTeX Font Info:    Font shape `OT1/cmtt/bx/n' in size <10.95> not available
(Font)              Font shape `OT1/cmtt/m/n' tried instead on input line 419.
 [22]

LaTeX Warning: Hyper reference `CustomPicker' on page 23 undefined on input lin
e 437.


Overfull \hbox (38.59245pt too wide) in paragraph at lines 437--441
\OT1/cmr/m/n/10.95 el \OT1/cmtt/m/n/10.95 quantityType\OT1/cmr/m/n/10.95 (unida
d de m^^Setri-ca del in-gre-dien-te). Al-ter-na-ti-vas: \OT1/cmtt/m/n/10.95 @re
act-native-picker/picker
 []


Overfull \hbox (84.03304pt too wide) in paragraph at lines 445--449
[]\OT1/cmr/m/n/10.95 Librer^^S^^Pa de ges-ti^^Son de im^^Sage-nes me-dian-te bi
-blio-te-cas na-ti-vas (por ejem-plo \OT1/cmtt/m/n/10.95 react-native-image-pic
ker\OT1/cmr/m/n/10.95 ).
 []

[23] [24] [25] [26] [27] [28] [29]
Cap\'{\i }tulo 3.
[30

] [31] [32] [33]
*geometry* verbose mode - [ newgeometry ] result:
* driver: pdftex
* paper: <default>
* layout: <same size as paper>
* layoutoffset:(h,v)=(0.0pt,0.0pt)
* modes: twoside 
* h-part:(L,W,R)=(0.0pt, 614.295pt, 0.0pt)
* v-part:(T,H,B)=(142.26378pt, 652.7062pt, 0.0pt)
* \paperwidth=614.295pt
* \paperheight=794.96999pt
* \textwidth=614.295pt
* \textheight=652.7062pt
* \oddsidemargin=-72.26999pt
* \evensidemargin=-72.26999pt
* \topmargin=32.99379pt
* \headheight=12.0pt
* \headsep=25.0pt
* \topskip=11.0pt
* \footskip=30.0pt
* \marginparwidth=113.0pt
* \marginparsep=10.0pt
* \columnsep=10.0pt
* \skip\footins=10.0pt plus 4.0pt minus 2.0pt
* \hoffset=0.0pt
* \voffset=0.0pt
* \mag=1000
* \@twocolumnfalse
* \@twosidetrue
* \@mparswitchtrue
* \@reversemarginfalse
* (1in=72.27pt=25.4mm, 1cm=28.453pt)

<imagenes/class_diagram.png, id=596, 1247.66125pt x 1003.75pt>
File: imagenes/class_diagram.png Graphic file (type png)
<use imagenes/class_diagram.png>
Package pdftex.def Info: imagenes/class_diagram.png  used on input line 628.
(pdftex.def)             Requested size: 614.31021pt x 494.21579pt.
 [34


 <./imagenes/class_diagram.png (PNG copy)>] [35


]
[36] [37] [38] [39]
Underfull \hbox (badness 10000) in paragraph at lines 745--745

 []


Underfull \hbox (badness 10000) in paragraph at lines 747--750

 []

LaTeX Font Info:    Font shape `OT1/cmtt/bx/n' in size <10> not available
(Font)              Font shape `OT1/cmtt/m/n' tried instead on input line 751.
[40] [41] [42]

LaTeX Warning: Reference `disenioDB' on page 43 undefined on input line 921.

[43] [44] [45]
<imagenes/LoginScreen.png, id=745, 307.1475pt x 691.08188pt>
File: imagenes/LoginScreen.png Graphic file (type png)
<use imagenes/LoginScreen.png>
Package pdftex.def Info: imagenes/LoginScreen.png  used on input line 1019.
(pdftex.def)             Requested size: 153.57336pt x 345.54008pt.
 [46 <./imagenes/LoginScreen.png>]
Overfull \hbox (3.02774pt too wide) in paragraph at lines 1057--1058
[]\OT1/cmr/bx/n/10.95 Adaptaci^^Son mul-ti-pla-ta-for-ma: \OT1/cmr/m/n/10.95 Al
 igual que en lo-gin, se usa \OT1/cmtt/m/n/10.95 KeyboardAvoidingView
 []

<imagenes/RegisterScreen.png, id=752, 409.53pt x 921.4425pt>
File: imagenes/RegisterScreen.png Graphic file (type png)
<use imagenes/RegisterScreen.png>
Package pdftex.def Info: imagenes/RegisterScreen.png  used on input line 1078.
(pdftex.def)             Requested size: 204.7645pt x 460.72012pt.
[47]

LaTeX Warning: Hyper reference `RecipesScreen' on page 48 undefined on input li
ne 1091.

[48] [49 <./imagenes/RegisterScreen.png>]
Overfull \hbox (23.23941pt too wide) in paragraph at lines 1141--1142
[]\OT1/cmr/bx/n/10.95 Contenedor prin-ci-pal: \OT1/cmr/m/n/10.95 Uti-li-za \OT1
/cmtt/m/n/10.95 flex: 1 \OT1/cmr/m/n/10.95 con fon-do de-fi-ni-do en \OT1/cmtt/
m/n/10.95 screensBackgroundColor 
 []

[50]
<imagenes/MainScreenScreenshot.png, id=772, 1084.05pt x 2409.0pt>
File: imagenes/MainScreenScreenshot.png Graphic file (type png)
<use imagenes/MainScreenScreenshot.png>
Package pdftex.def Info: imagenes/MainScreenScreenshot.png  used on input line 
1151.
(pdftex.def)             Requested size: 216.80615pt x 481.79147pt.

Underfull \vbox (badness 10000) has occurred while \output is active []

 [51]
[52 <./imagenes/MainScreenScreenshot.png>] [53]
<imagenes/RecipesScreen.jpeg, id=787, 751.80875pt x 1606.0pt>
File: imagenes/RecipesScreen.jpeg Graphic file (type jpg)
<use imagenes/RecipesScreen.jpeg>
Package pdftex.def Info: imagenes/RecipesScreen.jpeg  used on input line 1200.
(pdftex.def)             Requested size: 225.54436pt x 481.80373pt.

Underfull \vbox (badness 10000) has occurred while \output is active []

 [54]
[55 <./imagenes/RecipesScreen.jpeg>] [56]
<imagenes/RecipeScreen.jpeg, id=802, 722.7pt x 1606.0pt>
File: imagenes/RecipeScreen.jpeg Graphic file (type jpg)
<use imagenes/RecipeScreen.jpeg>
Package pdftex.def Info: imagenes/RecipeScreen.jpeg  used on input line 1253.
(pdftex.def)             Requested size: 144.53743pt x 321.19432pt.

Underfull \vbox (badness 10000) has occurred while \output is active []

 [57]
Overfull \hbox (77.04036pt too wide) in paragraph at lines 1274--1275
[]\OT1/cmr/m/n/10.95 Un bot^^Son flo-tan-te pa-ra a~nadir nue-vos in-gre-dien-t
es a la des-pen-sa me-dian-te el \OT1/cmtt/m/n/10.95 IngredientSearchModal\OT1/
cmr/m/n/10.95 . 
 []

[58 <./imagenes/RecipeScreen.jpeg>]
<imagenes/PantryScreen.jpeg, id=813, 722.7pt x 1606.0pt>
File: imagenes/PantryScreen.jpeg Graphic file (type jpg)
<use imagenes/PantryScreen.jpeg>
Package pdftex.def Info: imagenes/PantryScreen.jpeg  used on input line 1284.
(pdftex.def)             Requested size: 216.81166pt x 481.80373pt.

Underfull \vbox (badness 10000) has occurred while \output is active []

 [59]
[60 <./imagenes/PantryScreen.jpeg>]
<imagenes/GroceryListScreen.jpeg, id=824, 722.7pt x 1606.0pt>
File: imagenes/GroceryListScreen.jpeg Graphic file (type jpg)
<use imagenes/GroceryListScreen.jpeg>
Package pdftex.def Info: imagenes/GroceryListScreen.jpeg  used on input line 13
18.
(pdftex.def)             Requested size: 216.81166pt x 481.80373pt.
 [61]
Underfull \vbox (badness 2818) has occurred while \output is active []

 [62 <./imagenes/GroceryListScreen.jpeg>]

LaTeX Warning: Hyper reference `RegisterScreen' on page 63 undefined on input l
ine 1327.


LaTeX Warning: Hyper reference `RecipesScreen' on page 63 undefined on input li
ne 1327.


LaTeX Warning: Hyper reference `PantryScreen' on page 63 undefined on input lin
e 1327.


LaTeX Warning: Hyper reference `GroceryListScreen' on page 63 undefined on inpu
t line 1327.


LaTeX Warning: Hyper reference `RecipesScreen' on page 63 undefined on input li
ne 1328.


LaTeX Warning: Hyper reference `RecipeScreen' on page 63 undefined on input lin
e 1328.

<imagenes/navigation_flow.png, id=836, 1325.95375pt x 730.73pt>
File: imagenes/navigation_flow.png Graphic file (type png)
<use imagenes/navigation_flow.png>
Package pdftex.def Info: imagenes/navigation_flow.png  used on input line 1332.

(pdftex.def)             Requested size: 430.00462pt x 236.97153pt.
[63 <./imagenes/navigation_flow.png (PNG copy)>] [64]
Overfull \hbox (3.95491pt too wide) in paragraph at lines 1415--1417
[]$[]$ \OT1/cmr/m/n/10.95 Se usa el icono de \m^^Sas"
 []

[65]
Overfull \hbox (4.10063pt too wide) in paragraph at lines 1421--1423
[]$[]$ \OT1/cmr/m/n/10.95 Se uti-li-za un
 []


Overfull \hbox (5.50806pt too wide) in paragraph at lines 1425--1427
[]$[]$ \OT1/cmr/m/n/10.95 El cu-bo de ba-su-ra es inequ^^S^^Pvo-
 []


Overfull \hbox (2.77943pt too wide) in paragraph at lines 1431--1433
[]$[]$ \OT1/cmr/m/n/10.95 La mar-ca de ve-
 []

[66]
Underfull \hbox (badness 10000) in paragraph at lines 1448--1449

 []


Underfull \hbox (badness 10000) in paragraph at lines 1448--1449

 []


Underfull \hbox (badness 10000) in paragraph at lines 1450--1451

 []


Underfull \hbox (badness 10000) in paragraph at lines 1468--1469

 []

[67]
<imagenes/ButtonGroup.png, id=871, 292.09125pt x 66.2475pt>
File: imagenes/ButtonGroup.png Graphic file (type png)
<use imagenes/ButtonGroup.png>
Package pdftex.def Info: imagenes/ButtonGroup.png  used on input line 1478.
(pdftex.def)             Requested size: 292.09052pt x 66.24733pt.


LaTeX Warning: Hyper reference `RecipeScreen' on page 68 undefined on input lin
e 1490.


Underfull \hbox (badness 10000) in paragraph at lines 1490--1491

 []


Underfull \hbox (badness 10000) in paragraph at lines 1493--1494

 []

[68 <./imagenes/ButtonGroup.png>]
Underfull \hbox (badness 10000) in paragraph at lines 1502--1503

 []

<imagenes/IngredientCard.png, id=881, 261.22594pt x 63.98906pt>
File: imagenes/IngredientCard.png Graphic file (type png)
<use imagenes/IngredientCard.png>
Package pdftex.def Info: imagenes/IngredientCard.png  used on input line 1524.
(pdftex.def)             Requested size: 261.22528pt x 63.98889pt.

Underfull \hbox (badness 10000) in paragraph at lines 1537--1538

 []


Underfull \hbox (badness 10000) in paragraph at lines 1539--1540

 []

[69 <./imagenes/IngredientCard.png>]
<imagenes/AppHeader.png, id=897, 284.56313pt x 44.41594pt>
File: imagenes/AppHeader.png Graphic file (type png)
<use imagenes/AppHeader.png>
Package pdftex.def Info: imagenes/AppHeader.png  used on input line 1548.
(pdftex.def)             Requested size: 284.56242pt x 44.41582pt.

Underfull \hbox (badness 10000) in paragraph at lines 1560--1561

 []


Underfull \hbox (badness 10000) in paragraph at lines 1560--1561

 []


Underfull \hbox (badness 10000) in paragraph at lines 1562--1563

 []


Underfull \hbox (badness 10000) in paragraph at lines 1569--1570

 []

[70 <./imagenes/AppHeader.png>]
<imagenes/HeaderComponent.png, id=909, 282.30469pt x 108.405pt>
File: imagenes/HeaderComponent.png Graphic file (type png)
<use imagenes/HeaderComponent.png>
Package pdftex.def Info: imagenes/HeaderComponent.png  used on input line 1578.

(pdftex.def)             Requested size: 282.30399pt x 108.40472pt.

Underfull \hbox (badness 10000) in paragraph at lines 1590--1591

 []


Overfull \hbox (37.68146pt too wide) in paragraph at lines 1590--1591
[] \OT1/cmr/m/n/10.95 Es-te com-po-nen-te es una uni-dad de in-ter-faz que re-c
i-be co-mo en-tra-da un ob-je-to \OT1/cmtt/m/n/10.95 RecipeIngredient
 []

[71 <./imagenes/HeaderComponent.png>]
<imagenes/IngredientComponent.png, id=916, 242.40562pt x 79.79813pt>
File: imagenes/IngredientComponent.png Graphic file (type png)
<use imagenes/IngredientComponent.png>
Package pdftex.def Info: imagenes/IngredientComponent.png  used on input line 1
613.
(pdftex.def)             Requested size: 242.40501pt x 79.79791pt.

Underfull \hbox (badness 10000) in paragraph at lines 1628--1629

 []

<imagenes/AddIngredientModal.png, id=918, 271.76532pt x 194.97844pt>
File: imagenes/AddIngredientModal.png Graphic file (type png)
<use imagenes/AddIngredientModal.png>
Package pdftex.def Info: imagenes/AddIngredientModal.png  used on input line 16
32.
(pdftex.def)             Requested size: 271.76465pt x 194.97795pt.

Underfull \vbox (badness 10000) has occurred while \output is active []

 [72 <./imagenes/IngredientComponent.png>]
Underfull \hbox (badness 10000) in paragraph at lines 1637--1638

 []

<imagenes/AddRecipeModal.png, id=929, 307.1475pt x 691.08188pt>
File: imagenes/AddRecipeModal.png Graphic file (type png)
<use imagenes/AddRecipeModal.png>
Package pdftex.def Info: imagenes/AddRecipeModal.png  used on input line 1641.
(pdftex.def)             Requested size: 307.14674pt x 691.08018pt.

Underfull \vbox (badness 10000) has occurred while \output is active []

 [73 <./imagenes/AddIngredientModal.png>]
Overfull \vbox (160.3328pt too high) has occurred while \output is active []


[74 <./imagenes/AddRecipeModal.png>]
<imagenes/AddRecipeModalSegundaParte.png, id=945, 307.1475pt x 691.08188pt>
File: imagenes/AddRecipeModalSegundaParte.png Graphic file (type png)
<use imagenes/AddRecipeModalSegundaParte.png>
Package pdftex.def Info: imagenes/AddRecipeModalSegundaParte.png  used on input
 line 1650.
(pdftex.def)             Requested size: 307.14674pt x 691.08018pt.

Underfull \vbox (badness 10000) has occurred while \output is active []

 [75]
Overfull \vbox (160.94112pt too high) has occurred while \output is active []


[76 <./imagenes/AddRecipeModalSegundaParte.png>]
<imagenes/AddRecipeModalTerceraParte.png, id=958, 307.1475pt x 691.08188pt>
File: imagenes/AddRecipeModalTerceraParte.png Graphic file (type png)
<use imagenes/AddRecipeModalTerceraParte.png>
Package pdftex.def Info: imagenes/AddRecipeModalTerceraParte.png  used on input
 line 1659.
(pdftex.def)             Requested size: 307.14674pt x 691.08018pt.

Underfull \vbox (badness 10000) has occurred while \output is active []

 [77]
Overfull \vbox (160.3328pt too high) has occurred while \output is active []


[78 <./imagenes/AddRecipeModalTerceraParte.png>]
Underfull \hbox (badness 10000) in paragraph at lines 1665--1666

 []

<imagenes/IngredientSearchModal.png, id=968, 265.74281pt x 125.71968pt>
File: imagenes/IngredientSearchModal.png Graphic file (type png)
<use imagenes/IngredientSearchModal.png>
Package pdftex.def Info: imagenes/IngredientSearchModal.png  used on input line
 1669.
(pdftex.def)             Requested size: 265.74216pt x 125.71936pt.

Underfull \hbox (badness 10000) in paragraph at lines 1675--1676

 []


Underfull \hbox (badness 10000) in paragraph at lines 1680--1681

 []

[79 <./imagenes/IngredientSearchModal.png>]
<imagenes/CustomPicker.png, id=977, 246.9225pt x 85.06781pt>
File: imagenes/CustomPicker.png Graphic file (type png)
<use imagenes/CustomPicker.png>
Package pdftex.def Info: imagenes/CustomPicker.png  used on input line 1684.
(pdftex.def)             Requested size: 246.92188pt x 85.0676pt.
<imagenes/CustomPickerModal.png, id=978, 242.40562pt x 341.77687pt>
File: imagenes/CustomPickerModal.png Graphic file (type png)
<use imagenes/CustomPickerModal.png>
Package pdftex.def Info: imagenes/CustomPickerModal.png  used on input line 169
1.
(pdftex.def)             Requested size: 242.40501pt x 341.77603pt.

Underfull \hbox (badness 10000) in paragraph at lines 1697--1698

 []


Underfull \vbox (badness 1122) has occurred while \output is active []

 [80 <./imagenes/CustomPicker.png> <./imagenes/CustomPickerModal.png>]
<imagenes/AddIngredientButton.png, id=986, 31.61812pt x 30.86531pt>
File: imagenes/AddIngredientButton.png Graphic file (type png)
<use imagenes/AddIngredientButton.png>
Package pdftex.def Info: imagenes/AddIngredientButton.png  used on input line 1
701.
(pdftex.def)             Requested size: 31.61803pt x 30.86522pt.

Underfull \hbox (badness 10000) in paragraph at lines 1707--1708

 []


Underfull \hbox (badness 10000) in paragraph at lines 1711--1712

 []

<imagenes/MealPicker.png, id=988, 292.09125pt x 54.9553pt>
File: imagenes/MealPicker.png Graphic file (type png)
<use imagenes/MealPicker.png>
Package pdftex.def Info: imagenes/MealPicker.png  used on input line 1715.
(pdftex.def)             Requested size: 292.09052pt x 54.95515pt.
[81 <./imagenes/AddIngredientButton.png> <./imagenes/MealPicker.png>]
File: imagenes/MainScreenScreenshot.png Graphic file (type png)
<use imagenes/MainScreenScreenshot.png>
Package pdftex.def Info: imagenes/MainScreenScreenshot.png  used on input line 
1729.
(pdftex.def)             Requested size: 108.41135pt x 240.91411pt.
File: imagenes/RecipesScreen.jpeg Graphic file (type jpg)
<use imagenes/RecipesScreen.jpeg>
Package pdftex.def Info: imagenes/RecipesScreen.jpeg  used on input line 1739.
(pdftex.def)             Requested size: 75.18527pt x 160.6094pt.
 [82]
<imagenes/RecipeOptionsModal.jpeg, id=1007, 1084.05pt x 943.525pt>
File: imagenes/RecipeOptionsModal.jpeg Graphic file (type jpg)
<use imagenes/RecipeOptionsModal.jpeg>
Package pdftex.def Info: imagenes/RecipeOptionsModal.jpeg  used on input line 1
749.
(pdftex.def)             Requested size: 216.80615pt x 188.70164pt.

Underfull \vbox (badness 5548) has occurred while \output is active []

 [83 <./imagenes/RecipeOptionsModal.jpeg>]
<imagenes/PlanMealModal.png, id=1014, 282.30469pt x 485.56406pt>
File: imagenes/PlanMealModal.png Graphic file (type png)
<use imagenes/PlanMealModal.png>
Package pdftex.def Info: imagenes/PlanMealModal.png  used on input line 1759.
(pdftex.def)             Requested size: 141.152pt x 242.78143pt.

Overfull \hbox (3.6901pt too wide) in paragraph at lines 1765--1766
 []\OT1/cmr/bx/n/10.95 PlannedIngredientOptionsModal[] \OT1/cmr/m/n/10.95 El mo
-dal \OT1/cmtt/m/n/10.95 PlannedIngredeintOptionsModal \OT1/cmr/m/n/10.95 (nom-

 []

<imagenes/IngredientOptionsModal.jpeg, id=1016, 1084.05pt x 935.495pt>
File: imagenes/IngredientOptionsModal.jpeg Graphic file (type jpg)
<use imagenes/IngredientOptionsModal.jpeg>
Package pdftex.def Info: imagenes/IngredientOptionsModal.jpeg  used on input li
ne 1769.
(pdftex.def)             Requested size: 216.80615pt x 187.09567pt.

Underfull \vbox (badness 10000) has occurred while \output is active []

 [84 <./imagenes/PlanMealModal.png>] [85 <./imagenes/IngredientOptionsModal.jpe
g>]
[86]
Underfull \hbox (badness 10000) in paragraph at lines 1808--1811

 []

[87]
Underfull \hbox (badness 10000) in paragraph at lines 1839--1843

 []

[88]
Cap\'{\i }tulo 4.
[89

]
Cap\'{\i }tulo 5.
[90

]
Cap\'{\i }tulo 6.
[91

] (./proyecto.bbl
Underfull \hbox (badness 10000) in paragraph at lines 10--15
[]\OT1/cmr/m/sc/10.95 Business Re-search In-sights\OT1/cmr/m/n/10.95 .  Meal pl
an-ning app mar-ket re-
 []


Underfull \hbox (badness 10000) in paragraph at lines 10--15
\OT1/cmr/m/n/10.95 port.  []$\OT1/cmtt/m/n/10.95 https : / / www . businessrese
archinsights . com / es / market-[]reports /
 []


Underfull \hbox (badness 10000) in paragraph at lines 50--55
[]\OT1/cmr/m/sc/10.95 Johns Hop-kins Bloom-berg School of Pu-blic Health\OT1/cm
r/m/n/10.95 .
 []


Underfull \hbox (badness 10000) in paragraph at lines 50--55
\OT1/cmr/m/n/10.95 Study sug-gests ho-me coo-king is main in-gre-dient in healt
hier
 []


Underfull \hbox (badness 10000) in paragraph at lines 50--55
\OT1/cmr/m/n/10.95 diet.  []$\OT1/cmtt/m/n/10.95 https : / / clf . jhsph . edu 
/ about-[]us / news / news-[]2014 /
 []

[92


]
Underfull \hbox (badness 7685) in paragraph at lines 80--85
[]\OT1/cmr/m/sc/10.95 McKinsey & Com-pany\OT1/cmr/m/n/10.95 .  The sta-te of co
n-su-mer health and nu-tri-
 []

) [93] (./proyecto.aux
LaTeX Info: Redefining \. on input line 25.
LaTeX Info: Redefining \% on input line 25.
)

LaTeX Warning: There were undefined references.

Package rerunfilecheck Info: File `proyecto.out' has not changed.
(rerunfilecheck)             Checksum: BF85038FFFB8AC1A7BA2D9DD0604D594;8666.
 ) 
Here is how much of TeX's memory you used:
 13131 strings out of 480185
 205088 string characters out of 5894212
 615271 words of memory out of 5000000
 30515 multiletter control sequences out of 15000+600000
 476712 words of font info for 53 fonts, out of 8000000 for 9000
 40 hyphenation exceptions out of 8191
 60i,11n,63p,1273b,1943s stack positions out of 5000i,500n,10000p,200000b,80000s
 </home/rouk/.texlive2021/texmf-var/fonts/pk/ljfour/jknappen/ec/tcrm1095.600p
k></usr/share/texlive/texmf-dist/fonts/type1/public/amsfonts/cm/cmbx10.pfb></us
r/share/texlive/texmf-dist/fonts/type1/public/amsfonts/cm/cmbx12.pfb></usr/shar
e/texlive/texmf-dist/fonts/type1/public/amsfonts/cm/cmbxti10.pfb></usr/share/te
xlive/texmf-dist/fonts/type1/public/amsfonts/cm/cmcsc10.pfb></usr/share/texlive
/texmf-dist/fonts/type1/public/amsfonts/cm/cmr10.pfb></usr/share/texlive/texmf-
dist/fonts/type1/public/amsfonts/cm/cmti10.pfb></usr/share/texlive/texmf-dist/f
onts/type1/public/amsfonts/cm/cmtt10.pfb>
Output written on proyecto.pdf (93 pages, 1512029 bytes).
PDF statistics:
 1212 PDF objects out of 1440 (max. 8388607)
 1031 compressed objects within 11 object streams
 398 named destinations out of 1000 (max. 500000)
 551 words of extra memory for PDF output out of 10000 (max. 10000000)

