This is pdfTeX, Version 3.141592653-2.6-1.40.22 (TeX Live 2022/dev/Debian) (preloaded format=pdflatex 2025.10.22)  1 NOV 2025 16:19
entering extended mode
 restricted \write18 enabled.
 %&-line parsing enabled.
**proyecto_mejorado.tex
(./proyecto_mejorado.tex
LaTeX2e <2021-11-15> patch level 1
L3 programming layer <2022-01-21>
(/usr/share/texlive/texmf-dist/tex/latex/base/report.cls
Document Class: report 2021/10/04 v1.4n Standard LaTeX document class
(/usr/share/texlive/texmf-dist/tex/latex/base/size11.clo
File: size11.clo 2021/10/04 v1.4n Standard LaTeX file (size option)
)
\c@part=\count185
\c@chapter=\count186
\c@section=\count187
\c@subsection=\count188
\c@subsubsection=\count189
\c@paragraph=\count190
\c@subparagraph=\count191
\c@figure=\count192
\c@table=\count193
\abovecaptionskip=\skip47
\belowcaptionskip=\skip48
\bibindent=\dimen138
)
(/usr/share/texlive/texmf-dist/tex/generic/babel/babel.sty
Package: babel 2022/01/26 3.70 The Babel package
\babel@savecnt=\count194
\U@D=\dimen139
\l@unhyphenated=\language6

(/usr/share/texlive/texmf-dist/tex/generic/babel/txtbabel.def)
\bbl@readstream=\read2
\bbl@dirlevel=\count195

(/usr/share/texlive/texmf-dist/tex/generic/babel-spanish/spanish.ldf
Language: spanish.ldf 2021/05/27 v5.0q Spanish support from the babel system
\es@quottoks=\toks16
\es@quotdepth=\count196
Package babel Info: Making " an active character on input line 570.
Package babel Info: Making . an active character on input line 675.
Package babel Info: Making < an active character on input line 722.
Package babel Info: Making > an active character on input line 722.
))
(/usr/share/texlive/texmf-dist/tex/latex/base/inputenc.sty
Package: inputenc 2021/02/14 v1.3d Input encoding file
\inpenc@prehook=\toks17
\inpenc@posthook=\toks18
)
(/usr/share/texlive/texmf-dist/tex/latex/graphics/graphicx.sty
Package: graphicx 2021/09/16 v1.2d Enhanced LaTeX Graphics (DPC,SPQR)

(/usr/share/texlive/texmf-dist/tex/latex/graphics/keyval.sty
Package: keyval 2014/10/28 v1.15 key=value parser (DPC)
\KV@toks@=\toks19
)
(/usr/share/texlive/texmf-dist/tex/latex/graphics/graphics.sty
Package: graphics 2021/03/04 v1.4d Standard LaTeX Graphics (DPC,SPQR)

(/usr/share/texlive/texmf-dist/tex/latex/graphics/trig.sty
Package: trig 2021/08/11 v1.11 sin cos tan (DPC)
)
(/usr/share/texlive/texmf-dist/tex/latex/graphics-cfg/graphics.cfg
File: graphics.cfg 2016/06/04 v1.11 sample graphics configuration
)
Package graphics Info: Driver file: pdftex.def on input line 107.

(/usr/share/texlive/texmf-dist/tex/latex/graphics-def/pdftex.def
File: pdftex.def 2020/10/05 v1.2a Graphics/color driver for pdftex
))
\Gin@req@height=\dimen140
\Gin@req@width=\dimen141
)
(/usr/share/texlive/texmf-dist/tex/latex/float/float.sty
Package: float 2001/11/08 v1.3d Float enhancements (AL)
\c@float@type=\count197
\float@exts=\toks20
\float@box=\box50
\@float@everytoks=\toks21
\@floatcapt=\box51
)
(/usr/share/texlive/texmf-dist/tex/latex/listings/listings.sty
\lst@mode=\count198
\lst@gtempboxa=\box52
\lst@token=\toks22
\lst@length=\count199
\lst@currlwidth=\dimen142
\lst@column=\count266
\lst@pos=\count267
\lst@lostspace=\dimen143
\lst@width=\dimen144
\lst@newlines=\count268
\lst@lineno=\count269
\lst@maxwidth=\dimen145

(/usr/share/texlive/texmf-dist/tex/latex/listings/lstmisc.sty
File: lstmisc.sty 2020/03/24 1.8d (Carsten Heinz)
\c@lstnumber=\count270
\lst@skipnumbers=\count271
\lst@framebox=\box53
)
(/usr/share/texlive/texmf-dist/tex/latex/listings/listings.cfg
File: listings.cfg 2020/03/24 1.8d listings configuration
))
Package: listings 2020/03/24 1.8d (Carsten Heinz)

(/usr/share/texlive/texmf-dist/tex/latex/xcolor/xcolor.sty
Package: xcolor 2021/10/31 v2.13 LaTeX color extensions (UK)

(/usr/share/texlive/texmf-dist/tex/latex/graphics-cfg/color.cfg
File: color.cfg 2016/01/02 v1.6 sample color configuration
)
Package xcolor Info: Driver file: pdftex.def on input line 227.
Package xcolor Info: Model `cmy' substituted by `cmy0' on input line 1352.
Package xcolor Info: Model `hsb' substituted by `rgb' on input line 1356.
Package xcolor Info: Model `RGB' extended on input line 1368.
Package xcolor Info: Model `HTML' substituted by `rgb' on input line 1370.
Package xcolor Info: Model `Hsb' substituted by `hsb' on input line 1371.
Package xcolor Info: Model `tHsb' substituted by `hsb' on input line 1372.
Package xcolor Info: Model `HSB' substituted by `hsb' on input line 1373.
Package xcolor Info: Model `Gray' substituted by `gray' on input line 1374.
Package xcolor Info: Model `wave' substituted by `hsb' on input line 1375.
)
(/usr/share/texlive/texmf-dist/tex/latex/hyperref/hyperref.sty
Package: hyperref 2021-06-07 v7.00m Hypertext links for LaTeX

(/usr/share/texlive/texmf-dist/tex/generic/ltxcmds/ltxcmds.sty
Package: ltxcmds 2020-05-10 v1.25 LaTeX kernel commands for general use (HO)
)
(/usr/share/texlive/texmf-dist/tex/generic/iftex/iftex.sty
Package: iftex 2020/03/06 v1.0d TeX engine tests
)
(/usr/share/texlive/texmf-dist/tex/generic/pdftexcmds/pdftexcmds.sty
Package: pdftexcmds 2020-06-27 v0.33 Utility functions of pdfTeX for LuaTeX (HO
)

(/usr/share/texlive/texmf-dist/tex/generic/infwarerr/infwarerr.sty
Package: infwarerr 2019/12/03 v1.5 Providing info/warning/error messages (HO)
)
Package pdftexcmds Info: \pdf@primitive is available.
Package pdftexcmds Info: \pdf@ifprimitive is available.
Package pdftexcmds Info: \pdfdraftmode found.
)
(/usr/share/texlive/texmf-dist/tex/generic/kvsetkeys/kvsetkeys.sty
Package: kvsetkeys 2019/12/15 v1.18 Key value parser (HO)
)
(/usr/share/texlive/texmf-dist/tex/generic/kvdefinekeys/kvdefinekeys.sty
Package: kvdefinekeys 2019-12-19 v1.6 Define keys (HO)
)
(/usr/share/texlive/texmf-dist/tex/generic/pdfescape/pdfescape.sty
Package: pdfescape 2019/12/09 v1.15 Implements pdfTeX's escape features (HO)
)
(/usr/share/texlive/texmf-dist/tex/latex/hycolor/hycolor.sty
Package: hycolor 2020-01-27 v1.10 Color options for hyperref/bookmark (HO)
)
(/usr/share/texlive/texmf-dist/tex/latex/letltxmacro/letltxmacro.sty
Package: letltxmacro 2019/12/03 v1.6 Let assignment for LaTeX macros (HO)
)
(/usr/share/texlive/texmf-dist/tex/latex/auxhook/auxhook.sty
Package: auxhook 2019-12-17 v1.6 Hooks for auxiliary files (HO)
)
(/usr/share/texlive/texmf-dist/tex/latex/kvoptions/kvoptions.sty
Package: kvoptions 2020-10-07 v3.14 Key value format for package options (HO)
)
\@linkdim=\dimen146
\Hy@linkcounter=\count272
\Hy@pagecounter=\count273

(/usr/share/texlive/texmf-dist/tex/latex/hyperref/pd1enc.def
File: pd1enc.def 2021-06-07 v7.00m Hyperref: PDFDocEncoding definition (HO)
Now handling font encoding PD1 ...
... no UTF-8 mapping file for font encoding PD1
)
(/usr/share/texlive/texmf-dist/tex/latex/hyperref/hyperref-langpatches.def
File: hyperref-langpatches.def 2021-06-07 v7.00m Hyperref: patches for babel la
nguages
)
(/usr/share/texlive/texmf-dist/tex/generic/intcalc/intcalc.sty
Package: intcalc 2019/12/15 v1.3 Expandable calculations with integers (HO)
)
(/usr/share/texlive/texmf-dist/tex/generic/etexcmds/etexcmds.sty
Package: etexcmds 2019/12/15 v1.7 Avoid name clashes with e-TeX commands (HO)
)
\Hy@SavedSpaceFactor=\count274

(/usr/share/texlive/texmf-dist/tex/latex/hyperref/puenc.def
File: puenc.def 2021-06-07 v7.00m Hyperref: PDF Unicode definition (HO)
Now handling font encoding PU ...
... no UTF-8 mapping file for font encoding PU
)
Package hyperref Info: Hyper figures OFF on input line 4192.
Package hyperref Info: Link nesting OFF on input line 4197.
Package hyperref Info: Hyper index ON on input line 4200.
Package hyperref Info: Plain pages OFF on input line 4207.
Package hyperref Info: Backreferencing OFF on input line 4212.
Package hyperref Info: Implicit mode ON; LaTeX internals redefined.
Package hyperref Info: Bookmarks ON on input line 4445.
\c@Hy@tempcnt=\count275

(/usr/share/texlive/texmf-dist/tex/latex/url/url.sty
\Urlmuskip=\muskip16
Package: url 2013/09/16  ver 3.4  Verb mode for urls, etc.
)
LaTeX Info: Redefining \url on input line 4804.
\XeTeXLinkMargin=\dimen147

(/usr/share/texlive/texmf-dist/tex/generic/bitset/bitset.sty
Package: bitset 2019/12/09 v1.3 Handle bit-vector datatype (HO)

(/usr/share/texlive/texmf-dist/tex/generic/bigintcalc/bigintcalc.sty
Package: bigintcalc 2019/12/15 v1.5 Expandable calculations on big integers (HO
)
))
\Fld@menulength=\count276
\Field@Width=\dimen148
\Fld@charsize=\dimen149
Package hyperref Info: Hyper figures OFF on input line 6076.
Package hyperref Info: Link nesting OFF on input line 6081.
Package hyperref Info: Hyper index ON on input line 6084.
Package hyperref Info: backreferencing OFF on input line 6091.
Package hyperref Info: Link coloring OFF on input line 6096.
Package hyperref Info: Link coloring with OCG OFF on input line 6101.
Package hyperref Info: PDF/A mode OFF on input line 6106.
LaTeX Info: Redefining \ref on input line 6146.
LaTeX Info: Redefining \pageref on input line 6150.

(/usr/share/texlive/texmf-dist/tex/latex/base/atbegshi-ltx.sty
Package: atbegshi-ltx 2021/01/10 v1.0c Emulation of the original atbegshi
package with kernel methods
)
\Hy@abspage=\count277
\c@Item=\count278
\c@Hfootnote=\count279
)
Package hyperref Info: Driver (autodetected): hpdftex.

(/usr/share/texlive/texmf-dist/tex/latex/hyperref/hpdftex.def
File: hpdftex.def 2021-06-07 v7.00m Hyperref driver for pdfTeX

(/usr/share/texlive/texmf-dist/tex/latex/base/atveryend-ltx.sty
Package: atveryend-ltx 2020/08/19 v1.0a Emulation of the original atveryend pac
kage
with kernel methods
)
\Fld@listcount=\count280
\c@bookmark@seq@number=\count281

(/usr/share/texlive/texmf-dist/tex/latex/rerunfilecheck/rerunfilecheck.sty
Package: rerunfilecheck 2019/12/05 v1.9 Rerun checks for auxiliary files (HO)

(/usr/share/texlive/texmf-dist/tex/generic/uniquecounter/uniquecounter.sty
Package: uniquecounter 2019/12/15 v1.4 Provide unlimited unique counter (HO)
)
Package uniquecounter Info: New unique counter `rerunfilecheck' on input line 2
86.
)
\Hy@SectionHShift=\skip49
)
(/usr/share/texlive/texmf-dist/tex/latex/geometry/geometry.sty
Package: geometry 2020/01/02 v5.9 Page Geometry

(/usr/share/texlive/texmf-dist/tex/generic/iftex/ifvtex.sty
Package: ifvtex 2019/10/25 v1.7 ifvtex legacy package. Use iftex instead.
)
\Gm@cnth=\count282
\Gm@cntv=\count283
\c@Gm@tempcnt=\count284
\Gm@bindingoffset=\dimen150
\Gm@wd@mp=\dimen151
\Gm@odd@mp=\dimen152
\Gm@even@mp=\dimen153
\Gm@layoutwidth=\dimen154
\Gm@layoutheight=\dimen155
\Gm@layouthoffset=\dimen156
\Gm@layoutvoffset=\dimen157
\Gm@dimlist=\toks23
)
(/usr/share/texlive/texmf-dist/tex/latex/l3backend/l3backend-pdftex.def
File: l3backend-pdftex.def 2022-01-12 L3 backend support: PDF output (pdfTeX)
\l__color_backend_stack_int=\count285
\l__pdf_internal_box=\box54
)
(./proyecto_mejorado.aux
LaTeX Info: Redefining \. on input line 25.
LaTeX Info: Redefining \% on input line 25.
)
\openout1 = `proyecto_mejorado.aux'.

LaTeX Font Info:    Checking defaults for OML/cmm/m/it on input line 44.
LaTeX Font Info:    ... okay on input line 44.
LaTeX Font Info:    Checking defaults for OMS/cmsy/m/n on input line 44.
LaTeX Font Info:    ... okay on input line 44.
LaTeX Font Info:    Checking defaults for OT1/cmr/m/n on input line 44.
LaTeX Font Info:    ... okay on input line 44.
LaTeX Font Info:    Checking defaults for T1/cmr/m/n on input line 44.
LaTeX Font Info:    ... okay on input line 44.
LaTeX Font Info:    Checking defaults for TS1/cmr/m/n on input line 44.
LaTeX Font Info:    ... okay on input line 44.
LaTeX Font Info:    Checking defaults for OMX/cmex/m/n on input line 44.
LaTeX Font Info:    ... okay on input line 44.
LaTeX Font Info:    Checking defaults for U/cmr/m/n on input line 44.
LaTeX Font Info:    ... okay on input line 44.
LaTeX Font Info:    Checking defaults for PD1/pdf/m/n on input line 44.
LaTeX Font Info:    ... okay on input line 44.
LaTeX Font Info:    Checking defaults for PU/pdf/m/n on input line 44.
LaTeX Font Info:    ... okay on input line 44.
LaTeX Info: Redefining \. on input line 44.
LaTeX Info: Redefining \% on input line 44.

(/usr/share/texlive/texmf-dist/tex/context/base/mkii/supp-pdf.mkii
[Loading MPS to PDF converter (version 2006.09.02).]
\scratchcounter=\count286
\scratchdimen=\dimen158
\scratchbox=\box55
\nofMPsegments=\count287
\nofMParguments=\count288
\everyMPshowfont=\toks24
\MPscratchCnt=\count289
\MPscratchDim=\dimen159
\MPnumerator=\count290
\makeMPintoPDFobject=\count291
\everyMPtoPDFconversion=\toks25
) (/usr/share/texlive/texmf-dist/tex/latex/epstopdf-pkg/epstopdf-base.sty
Package: epstopdf-base 2020-01-24 v2.11 Base part for package epstopdf
Package epstopdf-base Info: Redefining graphics rule for `.eps' on input line 4
85.

(/usr/share/texlive/texmf-dist/tex/latex/latexconfig/epstopdf-sys.cfg
File: epstopdf-sys.cfg 2010/07/13 v1.3 Configuration of (r)epstopdf for TeX Liv
e
))
\c@lstlisting=\count292
Package hyperref Info: Link coloring OFF on input line 44.

(/usr/share/texlive/texmf-dist/tex/latex/hyperref/nameref.sty
Package: nameref 2021-04-02 v2.47 Cross-referencing by name of section

(/usr/share/texlive/texmf-dist/tex/latex/refcount/refcount.sty
Package: refcount 2019/12/15 v3.6 Data extraction from label references (HO)
)
(/usr/share/texlive/texmf-dist/tex/generic/gettitlestring/gettitlestring.sty
Package: gettitlestring 2019/12/15 v1.6 Cleanup title references (HO)
)
\c@section@level=\count293
)
LaTeX Info: Redefining \ref on input line 44.
LaTeX Info: Redefining \pageref on input line 44.
LaTeX Info: Redefining \nameref on input line 44.

(./proyecto_mejorado.out) (./proyecto_mejorado.out)
\@outlinefile=\write3
\openout3 = `proyecto_mejorado.out'.


*geometry* driver: auto-detecting
*geometry* detected driver: pdftex
*geometry* verbose mode - [ preamble ] result:
* driver: pdftex
* paper: <default>
* layout: <same size as paper>
* layoutoffset:(h,v)=(0.0pt,0.0pt)
* modes: twoside 
* h-part:(L,W,R)=(73.71613pt, 430.00462pt, 110.57425pt)
* v-part:(T,H,B)=(95.39737pt, 556.47656pt, 143.09605pt)
* \paperwidth=614.295pt
* \paperheight=794.96999pt
* \textwidth=430.00462pt
* \textheight=556.47656pt
* \oddsidemargin=1.44614pt
* \evensidemargin=38.30426pt
* \topmargin=-13.87262pt
* \headheight=12.0pt
* \headsep=25.0pt
* \topskip=11.0pt
* \footskip=30.0pt
* \marginparwidth=113.0pt
* \marginparsep=10.0pt
* \columnsep=10.0pt
* \skip\footins=10.0pt plus 4.0pt minus 2.0pt
* \hoffset=0.0pt
* \voffset=0.0pt
* \mag=1000
* \@twocolumnfalse
* \@twosidetrue
* \@mparswitchtrue
* \@reversemarginfalse
* (1in=72.27pt=25.4mm, 1cm=28.453pt)

\centeroffset=\skip50
<imagenes/logo_ugr.pdf, id=199, 671.44951pt x 213.11218pt>
File: imagenes/logo_ugr.pdf Graphic file (type pdf)
<use imagenes/logo_ugr.pdf>
Package pdftex.def Info: imagenes/logo_ugr.pdf  used on input line 57.
(pdftex.def)             Requested size: 387.00153pt x 122.8312pt.
LaTeX Font Info:    External font `cmex10' loaded for size
(Font)              <10.95> on input line 63.
LaTeX Font Info:    External font `cmex10' loaded for size
(Font)              <8> on input line 63.
LaTeX Font Info:    External font `cmex10' loaded for size
(Font)              <6> on input line 63.

Overfull \hbox (18.42906pt too wide) in paragraph at lines 55--64
| $[]$ 
 []

<imagenes/logo-ceuta.jpg, id=200, 250.9375pt x 100.375pt>
File: imagenes/logo-ceuta.jpg Graphic file (type jpg)
<use imagenes/logo-ceuta.jpg>
Package pdftex.def Info: imagenes/logo-ceuta.jpg  used on input line 71.
(pdftex.def)             Requested size: 129.00269pt x 51.6041pt.

Overfull \hbox (18.42906pt too wide) in paragraph at lines 66--76
| $[]$ 
 []

[1

{/var/lib/texmf/fonts/map/pdftex/updmap/pdftex.map} <./imagenes/logo_ugr.pdf> <
./imagenes/logo-ceuta.jpg>] [2

] [3

] [4

] (./proyecto_mejorado.toc
LaTeX Info: Redefining \. on input line 1.
LaTeX Info: Redefining \% on input line 1.
 [5

])
\tf@toc=\write4
\openout4 = `proyecto_mejorado.toc'.


[6] (./proyecto_mejorado.lof
LaTeX Info: Redefining \. on input line 1.
LaTeX Info: Redefining \% on input line 1.
)
\tf@lof=\write5
\openout5 = `proyecto_mejorado.lof'.

 [7


] (./proyecto_mejorado.lot
LaTeX Info: Redefining \. on input line 1.
LaTeX Info: Redefining \% on input line 1.
)
\tf@lot=\write6
\openout6 = `proyecto_mejorado.lot'.

 [8


]
Cap\'{\i }tulo 1.
[9

] [10]
Overfull \hbox (21.16628pt too wide) in paragraph at lines 163--164
\OT1/cmr/m/n/10.95 gre-dien-tes, pla-ni-fi-ca-ci^^Son se-ma-nal y des-pen-sa. T
am-bi^^Sen se em-plea react[]native[]image[]picker
 []

[11]
Underfull \hbox (badness 6461) in paragraph at lines 191--191
[]\OT1/cmr/m/n/10.95 Desarrollo del pro-to-
 []


Underfull \hbox (badness 2735) in paragraph at lines 191--191
\OT1/cmr/m/n/10.95 ti-po 3 (au-ten-ti-ca-ci^^Son,
 []


Underfull \hbox (badness 2035) in paragraph at lines 193--193
[]\OT1/cmr/m/n/10.95 Integraci^^Son y prue-bas
 []


Underfull \hbox (badness 1275) in paragraph at lines 195--195
[]\OT1/cmr/m/n/10.95 Pruebas de usua-rio y
 []

[12]
Cap\'{\i }tulo 2.

LaTeX Warning: Reference `fig:Plantillamealplan' on page 13 undefined on input 
line 212.


LaTeX Warning: Reference `fig:Plantillamealplanrellenada' on page 13 undefined 
on input line 212.


LaTeX Warning: Reference `fig:TablaDeIngredientes' on page 13 undefined on inpu
t line 212.

[13

] [14]
Cap\'{\i }tulo 3.
[15

]
Overfull \hbox (2.3832pt too wide) in paragraph at lines 255--256
[]\OT1/cmr/bx/n/10.95 RNF3. Por-ta-bi-li-dad\OT1/cmr/m/n/10.95 . El c^^Sodi-go 
de-be ser mul-ti-pla-ta-for-ma gra-cias al uso de React Na-
 []

[16]
<imagenes/navigation_flow.png, id=382, 1325.95375pt x 730.73pt>
File: imagenes/navigation_flow.png Graphic file (type png)
<use imagenes/navigation_flow.png>
Package pdftex.def Info: imagenes/navigation_flow.png  used on input line 276.
(pdftex.def)             Requested size: 344.005pt x 189.57277pt.

Underfull \vbox (badness 4556) has occurred while \output is active []

 [17]
[18 <./imagenes/navigation_flow.png (PNG copy)>]
Cap\'{\i }tulo 4.

Overfull \hbox (38.04553pt too wide) in paragraph at lines 294--295
\OT1/cmr/m/n/10.95 da-tos y ges-tio-nar la na-ve-ga-ci^^Son en-tre pan-ta-llas 
me-dian-te \OT1/cmtt/m/n/10.95 @react-navigation/native-stack\OT1/cmr/m/n/10.95
 . 
 []

<imagenes/class_diagram.png, id=398, 1247.66125pt x 1003.75pt>
File: imagenes/class_diagram.png Graphic file (type png)
<use imagenes/class_diagram.png>
Package pdftex.def Info: imagenes/class_diagram.png  used on input line 303.
(pdftex.def)             Requested size: 301.00192pt x 242.14551pt.
[19

] [20 <./imagenes/class_diagram.png (PNG copy)>]
Overfull \hbox (4.25111pt too wide) in paragraph at lines 320--321
[]\OT1/cmr/m/n/10.95 Las ope-ra-cio-nes so-bre es-tas co-lec-cio-nes se en-cap-
su-lan en m^^Sodu-los de la car-pe-ta \OT1/cmtt/m/n/10.95 Services\OT1/cmr/m/n/
10.95 .
 []

[21]

LaTeX Warning: Reference `fig:RecipeList' on page 22 undefined on input line 33
3.


LaTeX Warning: Reference `fig:PantryScreen' on page 22 undefined on input line 
335.


Overfull \hbox (65.1147pt too wide) in paragraph at lines 339--340
\OT1/cmr/m/n/10.95 en-tre pan-ta-llas se ges-tio-na me-dian-te \OT1/cmtt/m/n/10
.95 @react-navigation/native \OT1/cmr/m/n/10.95 y \OT1/cmtt/m/n/10.95 @react-na
vigation/native-stack\OT1/cmr/m/n/10.95 ;
 []

LaTeX Font Info:    Font shape `OT1/cmtt/bx/n' in size <10.95> not available
(Font)              Font shape `OT1/cmtt/m/n' tried instead on input line 345.

Overfull \hbox (21.52963pt too wide) in paragraph at lines 345--346
\OT1/cmr/m/n/10.95 con-fir-ma-ci^^Son. Per-mi-te su-bir una ima-gen op-cio-nal 
me-dian-te \OT1/cmtt/m/n/10.95 react-native-image-picker\OT1/cmr/m/n/10.95 .
 []

[22]
Overfull \hbox (1.36182pt too wide) in paragraph at lines 349--350
[]\OT1/cmtt/m/n/10.95 RecipeOptionsModal \OT1/cmr/m/n/10.95 y \OT1/cmtt/m/n/10.
95 PlannedIngredientOptionsModal\OT1/cmr/m/n/10.95 : mo-da-les de op-cio-nes co
n-
 []

[23]
Cap\'{\i }tulo 5.
[24

]
Overfull \hbox (22.25938pt too wide) in paragraph at lines 389--390
\OT1/cmr/m/n/10.95 muchos[]a[]muchos en-tre re-ce-tas e in-gre-dien-tes. La fun
-ci^^Son \OT1/cmtt/m/n/10.95 addRecipeIngredientMultiple
 []

[25] [26] [27]
Cap\'{\i }tulo 6.
[28

]
Overfull \hbox (103.37766pt too wide) in paragraph at lines 451--452
[]\OT1/cmr/m/n/10.95 Los tests se eje-cu-ta-ron en un en-torno si-mu-la-do de F
i-re-ba-se con la li-brer^^S^^Pa \OT1/cmtt/m/n/10.95 @react-native-firebase/tes
ting\OT1/cmr/m/n/10.95 .
 []

[29] [30]
Cap\'{\i }tulo 7.
[31

] [32]
Cap\'{\i }tulo 8.

Overfull \hbox (9.51678pt too wide) in paragraph at lines 509--510
\OT1/cmr/m/n/10.95 sha-red plan-ning with fa-mily mem-bers, and ad-van-ced sear
ch ca-pa-bi-li-ties. Ex-plo-ring offline[]first
 []

[33

] (./proyecto_mejorado.bbl
Underfull \hbox (badness 10000) in paragraph at lines 4--9
[]\OT1/cmr/m/sc/10.95 Business Re-search In-sights\OT1/cmr/m/n/10.95 .  Meal pl
an-ning app mar-ket re-
 []


Underfull \hbox (badness 10000) in paragraph at lines 4--9
\OT1/cmr/m/n/10.95 port.  []$\OT1/cmtt/m/n/10.95 https : / / www . businessrese
archinsights . com / es / market-[]reports /
 []


Underfull \hbox (badness 5359) in paragraph at lines 26--31
[]\OT1/cmr/m/sc/10.95 McKinsey & Com-pany\OT1/cmr/m/n/10.95 .  The sta-te of co
n-su-mer health and nu-tri-tion
 []


Underfull \hbox (badness 10000) in paragraph at lines 26--31
\OT1/cmr/m/n/10.95 2023.  []$\OT1/cmtt/m/n/10.95 https : / / www . businessrese
archinsights . com / es / market-[]reports /
 []

) [34


] (./proyecto_mejorado.aux
LaTeX Info: Redefining \. on input line 25.
LaTeX Info: Redefining \% on input line 25.
)

LaTeX Warning: There were undefined references.

Package rerunfilecheck Info: File `proyecto_mejorado.out' has not changed.
(rerunfilecheck)             Checksum: 6E0547F05C062C728C755DB5150649AB;9420.
 ) 
Here is how much of TeX's memory you used:
 12137 strings out of 480185
 188440 string characters out of 5894212
 508483 words of memory out of 5000000
 29832 multiletter control sequences out of 15000+600000
 476203 words of font info for 51 fonts, out of 8000000 for 9000
 40 hyphenation exceptions out of 8191
 60i,11n,63p,1262b,670s stack positions out of 5000i,500n,10000p,200000b,80000s
</usr/share/texlive/texmf-dist/fonts/type1/public/amsfonts/cm/cmbx10.pfb></us
r/share/texlive/texmf-dist/fonts/type1/public/amsfonts/cm/cmbx12.pfb></usr/shar
e/texlive/texmf-dist/fonts/type1/public/amsfonts/cm/cmbxti10.pfb></usr/share/te
xlive/texmf-dist/fonts/type1/public/amsfonts/cm/cmcsc10.pfb></usr/share/texlive
/texmf-dist/fonts/type1/public/amsfonts/cm/cmr10.pfb></usr/share/texlive/texmf-
dist/fonts/type1/public/amsfonts/cm/cmti10.pfb></usr/share/texlive/texmf-dist/f
onts/type1/public/amsfonts/cm/cmtt10.pfb>
Output written on proyecto_mejorado.pdf (34 pages, 573386 bytes).
PDF statistics:
 541 PDF objects out of 1000 (max. 8388607)
 474 compressed objects within 5 object streams
 117 named destinations out of 1000 (max. 500000)
 413 words of extra memory for PDF output out of 10000 (max. 10000000)

