This is pdfTeX, Version 3.141592653-2.6-1.40.22 (TeX Live 2022/dev/Debian) (preloaded format=pdflatex 2025.10.22)  1 NOV 2025 14:20
entering extended mode
 restricted \write18 enabled.
 %&-line parsing enabled.
**TFG_final.tex
(./TFG_final.tex
LaTeX2e <2021-11-15> patch level 1
L3 programming layer <2022-01-21>
(/usr/share/texlive/texmf-dist/tex/latex/base/report.cls
Document Class: report 2021/10/04 v1.4n Standard LaTeX document class
(/usr/share/texlive/texmf-dist/tex/latex/base/size11.clo
File: size11.clo 2021/10/04 v1.4n Standard LaTeX file (size option)
)
\c@part=\count185
\c@chapter=\count186
\c@section=\count187
\c@subsection=\count188
\c@subsubsection=\count189
\c@paragraph=\count190
\c@subparagraph=\count191
\c@figure=\count192
\c@table=\count193
\abovecaptionskip=\skip47
\belowcaptionskip=\skip48
\bibindent=\dimen138
)
(/usr/share/texlive/texmf-dist/tex/generic/babel/babel.sty
Package: babel 2022/01/26 3.70 The Babel package
\babel@savecnt=\count194
\U@D=\dimen139
\l@unhyphenated=\language6

(/usr/share/texlive/texmf-dist/tex/generic/babel/txtbabel.def)
\bbl@readstream=\read2
\bbl@dirlevel=\count195

(/usr/share/texlive/texmf-dist/tex/generic/babel-spanish/spanish.ldf
Language: spanish.ldf 2021/05/27 v5.0q Spanish support from the babel system
\es@quottoks=\toks16
\es@quotdepth=\count196
Package babel Info: Making " an active character on input line 570.
Package babel Info: Making . an active character on input line 675.
Package babel Info: Making < an active character on input line 722.
Package babel Info: Making > an active character on input line 722.
))
(/usr/share/texlive/texmf-dist/tex/latex/base/inputenc.sty
Package: inputenc 2021/02/14 v1.3d Input encoding file
\inpenc@prehook=\toks17
\inpenc@posthook=\toks18
)
(/usr/share/texlive/texmf-dist/tex/latex/graphics/graphicx.sty
Package: graphicx 2021/09/16 v1.2d Enhanced LaTeX Graphics (DPC,SPQR)

(/usr/share/texlive/texmf-dist/tex/latex/graphics/keyval.sty
Package: keyval 2014/10/28 v1.15 key=value parser (DPC)
\KV@toks@=\toks19
)
(/usr/share/texlive/texmf-dist/tex/latex/graphics/graphics.sty
Package: graphics 2021/03/04 v1.4d Standard LaTeX Graphics (DPC,SPQR)

(/usr/share/texlive/texmf-dist/tex/latex/graphics/trig.sty
Package: trig 2021/08/11 v1.11 sin cos tan (DPC)
)
(/usr/share/texlive/texmf-dist/tex/latex/graphics-cfg/graphics.cfg
File: graphics.cfg 2016/06/04 v1.11 sample graphics configuration
)
Package graphics Info: Driver file: pdftex.def on input line 107.

(/usr/share/texlive/texmf-dist/tex/latex/graphics-def/pdftex.def
File: pdftex.def 2020/10/05 v1.2a Graphics/color driver for pdftex
))
\Gin@req@height=\dimen140
\Gin@req@width=\dimen141
)
(/usr/share/texlive/texmf-dist/tex/latex/listings/listings.sty
\lst@mode=\count197
\lst@gtempboxa=\box50
\lst@token=\toks20
\lst@length=\count198
\lst@currlwidth=\dimen142
\lst@column=\count199
\lst@pos=\count266
\lst@lostspace=\dimen143
\lst@width=\dimen144
\lst@newlines=\count267
\lst@lineno=\count268
\lst@maxwidth=\dimen145

(/usr/share/texlive/texmf-dist/tex/latex/listings/lstmisc.sty
File: lstmisc.sty 2020/03/24 1.8d (Carsten Heinz)
\c@lstnumber=\count269
\lst@skipnumbers=\count270
\lst@framebox=\box51
)
(/usr/share/texlive/texmf-dist/tex/latex/listings/listings.cfg
File: listings.cfg 2020/03/24 1.8d listings configuration
))
Package: listings 2020/03/24 1.8d (Carsten Heinz)

(/usr/share/texlive/texmf-dist/tex/latex/graphics/color.sty
Package: color 2021/12/07 v1.3c Standard LaTeX Color (DPC)

(/usr/share/texlive/texmf-dist/tex/latex/graphics-cfg/color.cfg
File: color.cfg 2016/01/02 v1.6 sample color configuration
)
Package color Info: Driver file: pdftex.def on input line 149.
)
(/usr/share/texlive/texmf-dist/tex/latex/l3backend/l3backend-pdftex.def
File: l3backend-pdftex.def 2022-01-12 L3 backend support: PDF output (pdfTeX)
\l__color_backend_stack_int=\count271
\l__pdf_internal_box=\box52
)
(./TFG_final.aux
LaTeX Info: Redefining \. on input line 8.
LaTeX Info: Redefining \% on input line 8.
)
\openout1 = `TFG_final.aux'.

LaTeX Font Info:    Checking defaults for OML/cmm/m/it on input line 8.
LaTeX Font Info:    ... okay on input line 8.
LaTeX Font Info:    Checking defaults for OMS/cmsy/m/n on input line 8.
LaTeX Font Info:    ... okay on input line 8.
LaTeX Font Info:    Checking defaults for OT1/cmr/m/n on input line 8.
LaTeX Font Info:    ... okay on input line 8.
LaTeX Font Info:    Checking defaults for T1/cmr/m/n on input line 8.
LaTeX Font Info:    ... okay on input line 8.
LaTeX Font Info:    Checking defaults for TS1/cmr/m/n on input line 8.
LaTeX Font Info:    ... okay on input line 8.
LaTeX Font Info:    Checking defaults for OMX/cmex/m/n on input line 8.
LaTeX Font Info:    ... okay on input line 8.
LaTeX Font Info:    Checking defaults for U/cmr/m/n on input line 8.
LaTeX Font Info:    ... okay on input line 8.
LaTeX Info: Redefining \. on input line 8.
LaTeX Info: Redefining \% on input line 8.

(/usr/share/texlive/texmf-dist/tex/context/base/mkii/supp-pdf.mkii
[Loading MPS to PDF converter (version 2006.09.02).]
\scratchcounter=\count272
\scratchdimen=\dimen146
\scratchbox=\box53
\nofMPsegments=\count273
\nofMParguments=\count274
\everyMPshowfont=\toks21
\MPscratchCnt=\count275
\MPscratchDim=\dimen147
\MPnumerator=\count276
\makeMPintoPDFobject=\count277
\everyMPtoPDFconversion=\toks22
) (/usr/share/texlive/texmf-dist/tex/latex/epstopdf-pkg/epstopdf-base.sty
Package: epstopdf-base 2020-01-24 v2.11 Base part for package epstopdf
Package epstopdf-base Info: Redefining graphics rule for `.eps' on input line 4
85.

(/usr/share/texlive/texmf-dist/tex/latex/latexconfig/epstopdf-sys.cfg
File: epstopdf-sys.cfg 2010/07/13 v1.3 Configuration of (r)epstopdf for TeX Liv
e
))
\c@lstlisting=\count278
\centeroffset=\skip49
<imagenes/logo_ugr.pdf, id=1, 671.44951pt x 213.11218pt>
File: imagenes/logo_ugr.pdf Graphic file (type pdf)
<use imagenes/logo_ugr.pdf>
Package pdftex.def Info: imagenes/logo_ugr.pdf  used on input line 17.
(pdftex.def)             Requested size: 323.9978pt x 102.83247pt.
LaTeX Font Info:    External font `cmex10' loaded for size
(Font)              <10.95> on input line 23.
LaTeX Font Info:    External font `cmex10' loaded for size
(Font)              <8> on input line 23.
LaTeX Font Info:    External font `cmex10' loaded for size
(Font)              <6> on input line 23.

Overfull \hbox (25.5pt too wide) in paragraph at lines 15--24
| $[]$ 
 []

<imagenes/logo-ceuta.jpg, id=2, 250.9375pt x 100.375pt>
File: imagenes/logo-ceuta.jpg Graphic file (type jpg)
<use imagenes/logo-ceuta.jpg>
Package pdftex.def Info: imagenes/logo-ceuta.jpg  used on input line 31.
(pdftex.def)             Requested size: 108.0011pt x 43.20021pt.

Overfull \hbox (25.5pt too wide) in paragraph at lines 26--36
| $[]$ 
 []

[1

{/var/lib/texmf/fonts/map/pdftex/updmap/pdftex.map} <./imagenes/logo_ugr.pdf> <
./imagenes/logo-ceuta.jpg>] [2

] [3

] [4

] (./TFG_final.toc
LaTeX Info: Redefining \. on input line 1.
LaTeX Info: Redefining \% on input line 1.
 [5

])
\tf@toc=\write3
\openout3 = `TFG_final.toc'.

 [6]
(./TFG_final.lof
LaTeX Info: Redefining \. on input line 1.
LaTeX Info: Redefining \% on input line 1.
)
\tf@lof=\write4
\openout4 = `TFG_final.lof'.

 [7


] (./TFG_final.lot
LaTeX Info: Redefining \. on input line 1.
LaTeX Info: Redefining \% on input line 1.
)
\tf@lot=\write5
\openout5 = `TFG_final.lot'.

 [8


]
Cap\'{\i }tulo 1.

Overfull \hbox (5.09167pt too wide) in paragraph at lines 79--80
[]\OT1/cmr/m/n/10.95 Dise~nar una ar-qui-tec-tu-ra de soft-wa-re mo-du-lar ba-s
a-da en React Na-
 []

[9

]
Overfull \hbox (4.1168pt too wide) in paragraph at lines 103--104
[]\OT1/cmr/bx/n/10.95 Software\OT1/cmr/m/n/10.95 : sis-te-ma ope-ra-ti-vo Ubun-
tu 22.04, No-de.js 18, IDE Vi-sual Stu-
 []

[10] [11]
Cap\'{\i }tulo 2.

Overfull \hbox (16.29295pt too wide) in paragraph at lines 118--118
[]\OT1/cmr/bx/n/14.4 An^^Sali-sis de li-brer^^S^^Pas y fra-me-works pa-ra back[
]end 
 []

[12

] [13]
Cap\'{\i }tulo 3.
[14

]
Overfull \hbox (8.86087pt too wide) in paragraph at lines 148--149
[]\OT1/cmr/m/n/10.95 La ar-qui-tec-tu-ra de Nu-tri-Plan si-gue un patr^^Son \OT
1/cmr/bx/n/10.95 modelo[]vista[]controlador
 []


Overfull \hbox (23.52344pt too wide) in paragraph at lines 148--149
\OT1/cmr/m/n/10.95 adap-ta-do a React Na-ti-ve. El c^^Sodi-go se or-ga-ni-za en
 di-rec-to-rios cla-ros: [][]\OT1/cmtt/m/n/10.95 /components
 []

<imagenes/arquitectura.png, id=72, 2630.82875pt x 1169.36874pt>
File: imagenes/arquitectura.png Graphic file (type png)
<use imagenes/arquitectura.png>
Package pdftex.def Info: imagenes/arquitectura.png  used on input line 152.
(pdftex.def)             Requested size: 288.0011pt x 128.00644pt.
[15 <./imagenes/arquitectura.png (PNG copy)>]
<imagenes/RecipesScreen.jpeg, id=76, 751.80875pt x 1606.0pt>
File: imagenes/RecipesScreen.jpeg Graphic file (type jpg)
<use imagenes/RecipesScreen.jpeg>
Package pdftex.def Info: imagenes/RecipesScreen.jpeg  used on input line 173.
(pdftex.def)             Requested size: 180.0pt x 384.51666pt.


LaTeX Warning: `h' float specifier changed to `ht'.

[16] [17 <./imagenes/RecipesScreen.jpeg>]
Cap\'{\i }tulo 4.
[18

] [19]
Cap\'{\i }tulo 5.
[20

] [21]
Cap\'{\i }tulo 6.
[22

] (./TFG_final.bbl

LaTeX Warning: Empty `thebibliography' environment on input line 3.

) [23


] (./TFG_final.aux
LaTeX Info: Redefining \. on input line 8.
LaTeX Info: Redefining \% on input line 8.
) ) 
Here is how much of TeX's memory you used:
 4183 strings out of 480185
 65761 string characters out of 5894212
 372017 words of memory out of 5000000
 22115 multiletter control sequences out of 15000+600000
 476185 words of font info for 51 fonts, out of 8000000 for 9000
 40 hyphenation exceptions out of 8191
 55i,6n,62p,961b,398s stack positions out of 5000i,500n,10000p,200000b,80000s
 </home/rouk/.texlive2021/texmf-var/fonts/pk/ljfour/jknappen/ec/tcrm1095.600
pk></usr/share/texlive/texmf-dist/fonts/type1/public/amsfonts/cm/cmbx10.pfb></u
sr/share/texlive/texmf-dist/fonts/type1/public/amsfonts/cm/cmbx12.pfb></usr/sha
re/texlive/texmf-dist/fonts/type1/public/amsfonts/cm/cmcsc10.pfb></usr/share/te
xlive/texmf-dist/fonts/type1/public/amsfonts/cm/cmr10.pfb></usr/share/texlive/t
exmf-dist/fonts/type1/public/amsfonts/cm/cmr8.pfb></usr/share/texlive/texmf-dis
t/fonts/type1/public/amsfonts/cm/cmti10.pfb></usr/share/texlive/texmf-dist/font
s/type1/public/amsfonts/cm/cmtt10.pfb>
Output written on TFG_final.pdf (23 pages, 501547 bytes).
PDF statistics:
 137 PDF objects out of 1000 (max. 8388607)
 84 compressed objects within 1 object stream
 0 named destinations out of 1000 (max. 500000)
 21 words of extra memory for PDF output out of 10000 (max. 10000000)

